====> Epoch: 0 Average loss: 371446.8299
Confusion Matrix (Post) at threshold: 0.2
Threat Score: 0.43435177206993103
tensor([[      0, 2896119],
        [      0, 2223881]], device='cuda:0')
==================================================
Confusion Matrix (Prior) at threshold: 0.2
Threat Score: 0.43435177206993103
tensor([[      0, 2896119],
        [      0, 2223881]], device='cuda:0')
==================================================
Confusion Matrix (Post) at threshold: 0.21000000000000002
Threat Score: 0.43435177206993103
tensor([[      0, 2896119],
        [      0, 2223881]], device='cuda:0')
==================================================
Confusion Matrix (Prior) at threshold: 0.21000000000000002
Threat Score: 0.43435177206993103
tensor([[      0, 2896119],
        [      0, 2223881]], device='cuda:0')
==================================================
Confusion Matrix (Post) at threshold: 0.22
Threat Score: 0.43435177206993103
tensor([[      0, 2896119],
        [      0, 2223881]], device='cuda:0')
==================================================
Confusion Matrix (Prior) at threshold: 0.22
Threat Score: 0.43435177206993103
tensor([[      0, 2896119],
        [      0, 2223881]], device='cuda:0')
==================================================
Confusion Matrix (Post) at threshold: 0.23
Threat Score: 0.43435177206993103
tensor([[      0, 2896119],
        [      0, 2223881]], device='cuda:0')
==================================================
Confusion Matrix (Prior) at threshold: 0.23
Threat Score: 0.43435177206993103
tensor([[      0, 2896119],
        [      0, 2223881]], device='cuda:0')
==================================================
Confusion Matrix (Post) at threshold: 0.24000000000000002
Threat Score: 0.43435177206993103
tensor([[      0, 2896119],
        [      0, 2223881]], device='cuda:0')
==================================================
Confusion Matrix (Prior) at threshold: 0.24000000000000002
Threat Score: 0.43435177206993103
tensor([[      0, 2896119],
        [      0, 2223881]], device='cuda:0')
==================================================
Confusion Matrix (Post) at threshold: 0.25
Threat Score: 0.43435177206993103
tensor([[      0, 2896119],
        [      0, 2223881]], device='cuda:0')
==================================================
Confusion Matrix (Prior) at threshold: 0.25
Threat Score: 0.43435177206993103
tensor([[      0, 2896119],
        [      0, 2223881]], device='cuda:0')
==================================================
Confusion Matrix (Post) at threshold: 0.26
Threat Score: 0.43435177206993103
tensor([[      0, 2896119],
        [      0, 2223881]], device='cuda:0')
==================================================
Confusion Matrix (Prior) at threshold: 0.26
Threat Score: 0.43435177206993103
tensor([[      0, 2896119],
        [      0, 2223881]], device='cuda:0')
==================================================
Confusion Matrix (Post) at threshold: 0.27
Threat Score: 0.43435177206993103
tensor([[      0, 2896119],
        [      0, 2223881]], device='cuda:0')
==================================================
Confusion Matrix (Prior) at threshold: 0.27
Threat Score: 0.43435177206993103
tensor([[      0, 2896119],
        [      0, 2223881]], device='cuda:0')
==================================================
Confusion Matrix (Post) at threshold: 0.28
Threat Score: 0.43435177206993103
tensor([[      0, 2896119],
        [      0, 2223881]], device='cuda:0')
==================================================
Confusion Matrix (Prior) at threshold: 0.28
Threat Score: 0.43435177206993103
tensor([[      0, 2896119],
        [      0, 2223881]], device='cuda:0')
==================================================
Confusion Matrix (Post) at threshold: 0.29000000000000004
Threat Score: 0.43435177206993103
tensor([[      0, 2896119],
        [      0, 2223881]], device='cuda:0')
==================================================
Confusion Matrix (Prior) at threshold: 0.29000000000000004
Threat Score: 0.43435177206993103
tensor([[      0, 2896119],
        [      0, 2223881]], device='cuda:0')
==================================================
Confusion Matrix (Post) at threshold: 0.30000000000000004
Threat Score: 0.43435177206993103
tensor([[      0, 2896119],
        [      0, 2223881]], device='cuda:0')
==================================================
Confusion Matrix (Prior) at threshold: 0.30000000000000004
Threat Score: 0.43435177206993103
tensor([[      0, 2896119],
        [      0, 2223881]], device='cuda:0')
==================================================
Confusion Matrix (Post) at threshold: 0.31
Threat Score: 0.43435177206993103
tensor([[      0, 2896119],
        [      0, 2223881]], device='cuda:0')
==================================================
Confusion Matrix (Prior) at threshold: 0.31
Threat Score: 0.43435177206993103
tensor([[      0, 2896119],
        [      0, 2223881]], device='cuda:0')
==================================================
Confusion Matrix (Post) at threshold: 0.32
Threat Score: 0.43435177206993103
tensor([[      0, 2896119],
        [      0, 2223881]], device='cuda:0')
==================================================
Confusion Matrix (Prior) at threshold: 0.32
Threat Score: 0.43435177206993103
tensor([[      0, 2896119],
        [      0, 2223881]], device='cuda:0')
==================================================
Confusion Matrix (Post) at threshold: 0.33
Threat Score: 0.43435177206993103
tensor([[      0, 2896119],
        [      0, 2223881]], device='cuda:0')
==================================================
Confusion Matrix (Prior) at threshold: 0.33
Threat Score: 0.43435177206993103
tensor([[      0, 2896119],
        [      0, 2223881]], device='cuda:0')
==================================================
Confusion Matrix (Post) at threshold: 0.34
Threat Score: 0.43435177206993103
tensor([[      0, 2896119],
        [      0, 2223881]], device='cuda:0')
==================================================
Confusion Matrix (Prior) at threshold: 0.34
Threat Score: 0.43435177206993103
tensor([[      0, 2896119],
        [      0, 2223881]], device='cuda:0')
==================================================
Confusion Matrix (Post) at threshold: 0.35
Threat Score: 0.43435177206993103
tensor([[      0, 2896119],
        [      0, 2223881]], device='cuda:0')
==================================================
Confusion Matrix (Prior) at threshold: 0.35
Threat Score: 0.43435177206993103
tensor([[      0, 2896119],
        [      0, 2223881]], device='cuda:0')
==================================================
Confusion Matrix (Post) at threshold: 0.36
Threat Score: 0.4343522787094116
tensor([[      6, 2896113],
        [      0, 2223881]], device='cuda:0')
==================================================
Confusion Matrix (Prior) at threshold: 0.36
Threat Score: 0.4343522787094116
tensor([[      6, 2896113],
        [      0, 2223881]], device='cuda:0')
==================================================
Confusion Matrix (Post) at threshold: 0.37
Threat Score: 0.44957399368286133
tensor([[ 328782, 2567337],
        [  69874, 2154007]], device='cuda:0')
==================================================
Confusion Matrix (Prior) at threshold: 0.37
Threat Score: 0.44957399368286133
tensor([[ 328782, 2567337],
        [  69874, 2154007]], device='cuda:0')
==================================================
Confusion Matrix (Post) at threshold: 0.38
Threat Score: 0.5264577269554138
tensor([[1400668, 1495451],
        [ 265810, 1958071]], device='cuda:0')
==================================================
Confusion Matrix (Prior) at threshold: 0.38
Threat Score: 0.5264578461647034
tensor([[1400669, 1495450],
        [ 265810, 1958071]], device='cuda:0')
==================================================
Confusion Matrix (Post) at threshold: 0.39
Threat Score: 0.597129762172699
tensor([[2011056,  885063],
        [ 367438, 1856443]], device='cuda:0')
==================================================
Confusion Matrix (Prior) at threshold: 0.39
Threat Score: 0.597129762172699
tensor([[2011056,  885063],
        [ 367438, 1856443]], device='cuda:0')
==================================================
Confusion Matrix (Post) at threshold: 0.4
Threat Score: 0.652851402759552
tensor([[2364716,  531403],
        [ 425090, 1798791]], device='cuda:0')
==================================================
Confusion Matrix (Prior) at threshold: 0.4
Threat Score: 0.652851402759552
tensor([[2364716,  531403],
        [ 425090, 1798791]], device='cuda:0')
==================================================
Confusion Matrix (Post) at threshold: 0.41000000000000003
Threat Score: 0.6705478429794312
tensor([[2465888,  430231],
        [ 444172, 1779709]], device='cuda:0')
==================================================
Confusion Matrix (Prior) at threshold: 0.41000000000000003
Threat Score: 0.6705478429794312
tensor([[2465888,  430231],
        [ 444172, 1779709]], device='cuda:0')
==================================================
Confusion Matrix (Post) at threshold: 0.42000000000000004
Threat Score: 0.6769617795944214
tensor([[2502282,  393837],
        [ 451786, 1772095]], device='cuda:0')
==================================================
Confusion Matrix (Prior) at threshold: 0.42000000000000004
Threat Score: 0.6769617795944214
tensor([[2502282,  393837],
        [ 451786, 1772095]], device='cuda:0')
==================================================
Confusion Matrix (Post) at threshold: 0.43000000000000005
Threat Score: 0.6789994835853577
tensor([[2517188,  378931],
        [ 456573, 1767308]], device='cuda:0')
==================================================
Confusion Matrix (Prior) at threshold: 0.43000000000000005
Threat Score: 0.6789994835853577
tensor([[2517188,  378931],
        [ 456573, 1767308]], device='cuda:0')
==================================================
Confusion Matrix (Post) at threshold: 0.44
Threat Score: 0.6801407933235168
tensor([[2526484,  369635],
        [ 459925, 1763956]], device='cuda:0')
==================================================
Confusion Matrix (Prior) at threshold: 0.44
Threat Score: 0.6801407933235168
tensor([[2526484,  369635],
        [ 459925, 1763956]], device='cuda:0')
==================================================
Confusion Matrix (Post) at threshold: 0.45
Threat Score: 0.6826471090316772
tensor([[2541114,  355005],
        [ 463412, 1760469]], device='cuda:0')
==================================================
Confusion Matrix (Prior) at threshold: 0.45
Threat Score: 0.6826471090316772
tensor([[2541114,  355005],
        [ 463412, 1760469]], device='cuda:0')
==================================================
Confusion Matrix (Post) at threshold: 0.46
Threat Score: 0.6851899027824402
tensor([[2558154,  337965],
        [ 468530, 1755351]], device='cuda:0')
==================================================
Confusion Matrix (Prior) at threshold: 0.46
Threat Score: 0.6851899027824402
tensor([[2558154,  337965],
        [ 468530, 1755351]], device='cuda:0')
==================================================
Confusion Matrix (Post) at threshold: 0.47000000000000003
Threat Score: 0.6856762766838074
tensor([[2565710,  330409],
        [ 472465, 1751416]], device='cuda:0')
==================================================
Confusion Matrix (Prior) at threshold: 0.47000000000000003
Threat Score: 0.6856762766838074
tensor([[2565710,  330409],
        [ 472465, 1751416]], device='cuda:0')
==================================================
Confusion Matrix (Post) at threshold: 0.48000000000000004
Threat Score: 0.6860373616218567
tensor([[2573853,  322266],
        [ 477129, 1746752]], device='cuda:0')
==================================================
Confusion Matrix (Prior) at threshold: 0.48000000000000004
Threat Score: 0.6860373616218567
tensor([[2573853,  322266],
        [ 477129, 1746752]], device='cuda:0')
==================================================
Confusion Matrix (Post) at threshold: 0.49
Threat Score: 0.6851881742477417
tensor([[2601451,  294668],
        [ 498201, 1725680]], device='cuda:0')
==================================================
Confusion Matrix (Prior) at threshold: 0.49
Threat Score: 0.6851881742477417
tensor([[2601451,  294668],
        [ 498201, 1725680]], device='cuda:0')
==================================================
Confusion Matrix (Post) at threshold: 0.5
Threat Score: 0.6796088218688965
tensor([[2751414,  144705],
        [ 614169, 1609712]], device='cuda:0')
==================================================
Confusion Matrix (Prior) at threshold: 0.5
Threat Score: 0.6796088218688965
tensor([[2751414,  144705],
        [ 614169, 1609712]], device='cuda:0')
==================================================
Confusion Matrix (Post) at threshold: 0.51
Threat Score: 0.6790888905525208
tensor([[2755881,  140238],
        [ 618434, 1605447]], device='cuda:0')
==================================================
Confusion Matrix (Prior) at threshold: 0.51
Threat Score: 0.6790888905525208
tensor([[2755881,  140238],
        [ 618434, 1605447]], device='cuda:0')
==================================================
Confusion Matrix (Post) at threshold: 0.52
Threat Score: 0.6783183813095093
tensor([[2759287,  136832],
        [ 622566, 1601315]], device='cuda:0')
==================================================
Confusion Matrix (Prior) at threshold: 0.52
Threat Score: 0.6783183813095093
tensor([[2759287,  136832],
        [ 622566, 1601315]], device='cuda:0')
==================================================
Confusion Matrix (Post) at threshold: 0.53
Threat Score: 0.6775466799736023
tensor([[2762012,  134107],
        [ 626234, 1597647]], device='cuda:0')
==================================================
Confusion Matrix (Prior) at threshold: 0.53
Threat Score: 0.6775466799736023
tensor([[2762012,  134107],
        [ 626234, 1597647]], device='cuda:0')
==================================================
Confusion Matrix (Post) at threshold: 0.54
Threat Score: 0.6766314506530762
tensor([[2764709,  131410],
        [ 630217, 1593664]], device='cuda:0')
==================================================
Confusion Matrix (Prior) at threshold: 0.54
Threat Score: 0.6766314506530762
tensor([[2764709,  131410],
        [ 630217, 1593664]], device='cuda:0')
==================================================
Confusion Matrix (Post) at threshold: 0.55
Threat Score: 0.6756108403205872
tensor([[2767933,  128186],
        [ 634799, 1589082]], device='cuda:0')
==================================================
Confusion Matrix (Prior) at threshold: 0.55
Threat Score: 0.6756108403205872
tensor([[2767933,  128186],
        [ 634799, 1589082]], device='cuda:0')
==================================================
Confusion Matrix (Post) at threshold: 0.56
Threat Score: 0.6743842959403992
tensor([[2770795,  125324],
        [ 639614, 1584267]], device='cuda:0')
==================================================
Confusion Matrix (Prior) at threshold: 0.56
Threat Score: 0.6743842959403992
tensor([[2770795,  125324],
        [ 639614, 1584267]], device='cuda:0')
==================================================
Confusion Matrix (Post) at threshold: 0.5700000000000001
Threat Score: 0.6733263731002808
tensor([[2772541,  123578],
        [ 643275, 1580606]], device='cuda:0')
==================================================
Confusion Matrix (Prior) at threshold: 0.5700000000000001
Threat Score: 0.6733263731002808
tensor([[2772541,  123578],
        [ 643275, 1580606]], device='cuda:0')
==================================================
Confusion Matrix (Post) at threshold: 0.5800000000000001
Threat Score: 0.6724000573158264
tensor([[2773849,  122270],
        [ 646329, 1577552]], device='cuda:0')
==================================================
Confusion Matrix (Prior) at threshold: 0.5800000000000001
Threat Score: 0.6724000573158264
tensor([[2773849,  122270],
        [ 646329, 1577552]], device='cuda:0')
==================================================
Confusion Matrix (Post) at threshold: 0.5900000000000001
Threat Score: 0.6714863777160645
tensor([[2775035,  121084],
        [ 649269, 1574612]], device='cuda:0')
==================================================
Confusion Matrix (Prior) at threshold: 0.5900000000000001
Threat Score: 0.6714863777160645
tensor([[2775035,  121084],
        [ 649269, 1574612]], device='cuda:0')
==================================================
Confusion Matrix (Post) at threshold: 0.6000000000000001
Threat Score: 0.6704879999160767
tensor([[2775894,  120225],
        [ 652186, 1571695]], device='cuda:0')
==================================================
Confusion Matrix (Prior) at threshold: 0.6000000000000001
Threat Score: 0.6704879999160767
tensor([[2775894,  120225],
        [ 652186, 1571695]], device='cuda:0')
==================================================
Confusion Matrix (Post) at threshold: 0.6100000000000001
Threat Score: 0.6694033741950989
tensor([[2776558,  119561],
        [ 655173, 1568708]], device='cuda:0')
==================================================
Confusion Matrix (Prior) at threshold: 0.6100000000000001
Threat Score: 0.6694033741950989
tensor([[2776558,  119561],
        [ 655173, 1568708]], device='cuda:0')
==================================================
Confusion Matrix (Post) at threshold: 0.62
Threat Score: 0.6683489084243774
tensor([[2777309,  118810],
        [ 658146, 1565735]], device='cuda:0')
==================================================
Confusion Matrix (Prior) at threshold: 0.62
Threat Score: 0.6683489084243774
tensor([[2777309,  118810],
        [ 658146, 1565735]], device='cuda:0')
==================================================
Confusion Matrix (Post) at threshold: 0.63
Threat Score: 0.667223334312439
tensor([[2778703,  117416],
        [ 661713, 1562168]], device='cuda:0')
==================================================
Confusion Matrix (Prior) at threshold: 0.63
Threat Score: 0.667223334312439
tensor([[2778703,  117416],
        [ 661713, 1562168]], device='cuda:0')
==================================================
Confusion Matrix (Post) at threshold: 0.64
Threat Score: 0.6661670804023743
tensor([[2779970,  116149],
        [ 665030, 1558851]], device='cuda:0')
==================================================
Confusion Matrix (Prior) at threshold: 0.64
Threat Score: 0.6661670804023743
tensor([[2779970,  116149],
        [ 665030, 1558851]], device='cuda:0')
==================================================
Confusion Matrix (Post) at threshold: 0.65
Threat Score: 0.6647719740867615
tensor([[2780870,  115249],
        [ 668893, 1554988]], device='cuda:0')
==================================================
Confusion Matrix (Prior) at threshold: 0.65
Threat Score: 0.6647719740867615
tensor([[2780870,  115249],
        [ 668893, 1554988]], device='cuda:0')
==================================================
Confusion Matrix (Post) at threshold: 0.66
Threat Score: 0.6629390716552734
tensor([[2782016,  114103],
        [ 673940, 1549941]], device='cuda:0')
==================================================
Confusion Matrix (Prior) at threshold: 0.66
Threat Score: 0.6629390716552734
tensor([[2782016,  114103],
        [ 673940, 1549941]], device='cuda:0')
==================================================
Confusion Matrix (Post) at threshold: 0.67
Threat Score: 0.6607885956764221
tensor([[2783115,  113004],
        [ 679694, 1544187]], device='cuda:0')
==================================================
Confusion Matrix (Prior) at threshold: 0.67
Threat Score: 0.6607885956764221
tensor([[2783115,  113004],
        [ 679694, 1544187]], device='cuda:0')
==================================================
Confusion Matrix (Post) at threshold: 0.6799999999999999
Threat Score: 0.658218264579773
tensor([[2784296,  111823],
        [ 686478, 1537403]], device='cuda:0')
==================================================
Confusion Matrix (Prior) at threshold: 0.6799999999999999
Threat Score: 0.658218264579773
tensor([[2784296,  111823],
        [ 686478, 1537403]], device='cuda:0')
==================================================
Confusion Matrix (Post) at threshold: 0.69
Threat Score: 0.6553781628608704
tensor([[2785325,  110794],
        [ 693786, 1530095]], device='cuda:0')
==================================================
Confusion Matrix (Prior) at threshold: 0.69
Threat Score: 0.6553781628608704
tensor([[2785325,  110794],
        [ 693786, 1530095]], device='cuda:0')
==================================================
Confusion Matrix (Post) at threshold: 0.7
Threat Score: 0.6523290872573853
tensor([[2786621,  109498],
        [ 701750, 1522131]], device='cuda:0')
==================================================
Confusion Matrix (Prior) at threshold: 0.7
Threat Score: 0.6523290872573853
tensor([[2786621,  109498],
        [ 701750, 1522131]], device='cuda:0')
==================================================
Confusion Matrix (Post) at threshold: 0.71
Threat Score: 0.6490770578384399
tensor([[2787995,  108124],
        [ 710230, 1513651]], device='cuda:0')
==================================================
Confusion Matrix (Prior) at threshold: 0.71
Threat Score: 0.6490770578384399
tensor([[2787995,  108124],
        [ 710230, 1513651]], device='cuda:0')
==================================================
Confusion Matrix (Post) at threshold: 0.72
Threat Score: 0.6451379060745239
tensor([[2789520,  106599],
        [ 720400, 1503481]], device='cuda:0')
==================================================
Confusion Matrix (Prior) at threshold: 0.72
Threat Score: 0.6451376080513
tensor([[2789519,  106600],
        [ 720400, 1503481]], device='cuda:0')
==================================================
Confusion Matrix (Post) at threshold: 0.73
Threat Score: 0.6399379372596741
tensor([[2791443,  104676],
        [ 733749, 1490132]], device='cuda:0')
==================================================
Confusion Matrix (Prior) at threshold: 0.73
Threat Score: 0.6399379372596741
tensor([[2791443,  104676],
        [ 733749, 1490132]], device='cuda:0')
==================================================
Confusion Matrix (Post) at threshold: 0.74
Threat Score: 0.6335424184799194
tensor([[2793717,  102402],
        [ 750082, 1473799]], device='cuda:0')
==================================================
Confusion Matrix (Prior) at threshold: 0.74
Threat Score: 0.6335424184799194
tensor([[2793717,  102402],
        [ 750082, 1473799]], device='cuda:0')
==================================================
Confusion Matrix (Post) at threshold: 0.75
Threat Score: 0.6269751787185669
tensor([[2795841,  100278],
        [ 766691, 1457190]], device='cuda:0')
==================================================
Confusion Matrix (Prior) at threshold: 0.75
Threat Score: 0.6269751787185669
tensor([[2795841,  100278],
        [ 766691, 1457190]], device='cuda:0')
==================================================
Confusion Matrix (Post) at threshold: 0.76
Threat Score: 0.6197922825813293
tensor([[2798043,   98076],
        [ 784750, 1439131]], device='cuda:0')
==================================================
Confusion Matrix (Prior) at threshold: 0.76
Threat Score: 0.6197918653488159
tensor([[2798043,   98076],
        [ 784751, 1439130]], device='cuda:0')
==================================================
Confusion Matrix (Post) at threshold: 0.77
Threat Score: 0.6099120378494263
tensor([[2801023,   95096],
        [ 809509, 1414372]], device='cuda:0')
==================================================
Confusion Matrix (Prior) at threshold: 0.77
Threat Score: 0.6099120378494263
tensor([[2801023,   95096],
        [ 809509, 1414372]], device='cuda:0')
==================================================
Confusion Matrix (Post) at threshold: 0.78
Threat Score: 0.5934967398643494
tensor([[2805721,   90398],
        [ 850364, 1373517]], device='cuda:0')
==================================================
Confusion Matrix (Prior) at threshold: 0.78
Threat Score: 0.5934967398643494
tensor([[2805721,   90398],
        [ 850364, 1373517]], device='cuda:0')
==================================================
Confusion Matrix (Post) at threshold: 0.79
Threat Score: 0.5677887201309204
tensor([[2813392,   82727],
        [ 914215, 1309666]], device='cuda:0')
==================================================
Confusion Matrix (Prior) at threshold: 0.79
Threat Score: 0.5677887201309204
tensor([[2813392,   82727],
        [ 914215, 1309666]], device='cuda:0')
==================================================
====================================================================================================
====================================================================================================
Threat Score: 0.6796088218688965
Threat Score: 0.7421174645423889
Threat Score: 0.6964759230613708
Threat Score: 0.5520977973937988
Threat Score: 0.6165080070495605
Threat Score: 0.5813320279121399
Threat Score: 0.6154121160507202
Threat Score: 0.7052672505378723
Threat Score: 0.689880907535553
Threat Score: 0.5345901250839233
Threat Score: 0.5682883262634277
Threat Score: 0.5648972988128662
Threat Score: 0.5771848559379578
Threat Score: 0.6124261617660522
Threat Score: 0.7804305553436279
Threat Score: 0.6961681842803955
Threat Score: 0.6202346086502075
Threat Score: 0.6299017071723938
Threat Score: 0.7026219964027405
Threat Score: 0.6449592709541321
Threat Score: 0.5885372757911682
Threat Score: 0.6102239489555359
Threat Score: 0.5487606525421143
Threat Score: 0.6731336712837219
Threat Score: 0.6743156313896179
Threat Score: 0.6532613635063171
Threat Score: 0.6985791325569153
Threat Score: 0.7739571332931519
Threat Score: 0.5542863011360168
Threat Score: 0.7150270938873291
Threat Score: 0.5597391128540039
Threat Score: 0.4865301847457886
Threat Score: 0.6748045086860657
Threat Score: 0.6989871263504028
Threat Score: 0.7410897612571716
Threat Score: 0.7552671432495117
Threat Score: 0.6917024850845337
Threat Score: 0.6964262127876282
Threat Score: 0.6110461950302124
Threat Score: 0.6476379036903381
Threat Score: 0.7041317820549011
Threat Score: 0.5743030309677124
Threat Score: 0.5529459714889526
Threat Score: 0.6583690643310547
Threat Score: 0.5379558205604553
Threat Score: 0.6609654426574707
Threat Score: 0.6953564882278442
Threat Score: 0.6054070591926575
Threat Score: 0.620026171207428
Threat Score: 0.5833133459091187
Threat Score: 0.6884332299232483
Threat Score: 0.6252892017364502
Threat Score: 0.693485677242279
Threat Score: 0.7119614481925964
Threat Score: 0.6383176445960999
Threat Score: 0.6254914999008179
Threat Score: 0.6857735514640808
Threat Score: 0.672923743724823
Threat Score: 0.658427894115448
Threat Score: 0.7816306352615356
Threat Score: 0.590289831161499
Threat Score: 0.5468277335166931
Threat Score: 0.6952016353607178
Threat Score: 0.7455615997314453
Threat Score: 0.7463437914848328
Threat Score: 0.7228150367736816
Threat Score: 0.7024130821228027
Threat Score: 0.5775184631347656
Threat Score: 0.48078975081443787
Threat Score: 0.5741438865661621
Threat Score: 0.6490156054496765
Threat Score: 0.538023829460144
Threat Score: 0.7057874202728271
Threat Score: 0.6241418123245239
Threat Score: 0.6469587683677673
Threat Score: 0.7432552576065063
Threat Score: 0.7514979243278503
Threat Score: 0.7239549160003662
Threat Score: 0.6146076321601868
Threat Score: 0.6268627047538757
Threat Score: 0.6473124027252197
Threat Score: 0.5357075333595276
Threat Score: 0.494174599647522
Threat Score: 0.6255122423171997
Threat Score: 0.5377680659294128
Threat Score: 0.5815226435661316
Threat Score: 0.7799453139305115
Threat Score: 0.7613973021507263
Threat Score: 0.6700387597084045
Threat Score: 0.6785877346992493
Threat Score: 0.5068224668502808
Threat Score: 0.7362577319145203
Threat Score: 0.6916487812995911
Threat Score: 0.6934810876846313
Threat Score: 0.61795574426651
Threat Score: 0.6809890866279602
Threat Score: 0.7323002815246582
Threat Score: 0.548453688621521
Threat Score: 0.6801440119743347
Threat Score: 0.5580671429634094
Confusion Matrix (Post) at threshold: 0.2
Threat Score: 0.49783575534820557
tensor([[      0, 2571081],
        [      0, 2548919]], device='cuda:0')
==================================================
Confusion Matrix (Prior) at threshold: 0.2
Threat Score: 0.49783575534820557
tensor([[      0, 2571081],
        [      0, 2548919]], device='cuda:0')
==================================================
Confusion Matrix (Post) at threshold: 0.21000000000000002
Threat Score: 0.49783575534820557
tensor([[      0, 2571081],
        [      0, 2548919]], device='cuda:0')
==================================================
Confusion Matrix (Prior) at threshold: 0.21000000000000002
Threat Score: 0.49783575534820557
tensor([[      0, 2571081],
        [      0, 2548919]], device='cuda:0')
==================================================
Confusion Matrix (Post) at threshold: 0.22
Threat Score: 0.49783575534820557
tensor([[      0, 2571081],
        [      0, 2548919]], device='cuda:0')
==================================================
Confusion Matrix (Prior) at threshold: 0.22
Threat Score: 0.49783575534820557
tensor([[      0, 2571081],
        [      0, 2548919]], device='cuda:0')
==================================================
Confusion Matrix (Post) at threshold: 0.23
Threat Score: 0.49783575534820557
tensor([[      0, 2571081],
        [      0, 2548919]], device='cuda:0')
==================================================
Confusion Matrix (Prior) at threshold: 0.23
Threat Score: 0.49783575534820557
tensor([[      0, 2571081],
        [      0, 2548919]], device='cuda:0')
==================================================
Confusion Matrix (Post) at threshold: 0.24000000000000002
Threat Score: 0.49783575534820557
tensor([[      0, 2571081],
        [      0, 2548919]], device='cuda:0')
==================================================
Confusion Matrix (Prior) at threshold: 0.24000000000000002
Threat Score: 0.49783575534820557
tensor([[      0, 2571081],
        [      0, 2548919]], device='cuda:0')
==================================================
Confusion Matrix (Post) at threshold: 0.25
Threat Score: 0.49783575534820557
tensor([[      0, 2571081],
        [      0, 2548919]], device='cuda:0')
==================================================
Confusion Matrix (Prior) at threshold: 0.25
Threat Score: 0.49783575534820557
tensor([[      0, 2571081],
        [      0, 2548919]], device='cuda:0')
==================================================
Confusion Matrix (Post) at threshold: 0.26
Threat Score: 0.49783575534820557
tensor([[      0, 2571081],
        [      0, 2548919]], device='cuda:0')
==================================================
Confusion Matrix (Prior) at threshold: 0.26
Threat Score: 0.49783575534820557
tensor([[      0, 2571081],
        [      0, 2548919]], device='cuda:0')
==================================================
Confusion Matrix (Post) at threshold: 0.27
Threat Score: 0.49783575534820557
tensor([[      0, 2571081],
        [      0, 2548919]], device='cuda:0')
==================================================
Confusion Matrix (Prior) at threshold: 0.27
Threat Score: 0.49783575534820557
tensor([[      0, 2571081],
        [      0, 2548919]], device='cuda:0')
==================================================
Confusion Matrix (Post) at threshold: 0.28
Threat Score: 0.49783575534820557
tensor([[      0, 2571081],
        [      0, 2548919]], device='cuda:0')
==================================================
Confusion Matrix (Prior) at threshold: 0.28
Threat Score: 0.49783575534820557
tensor([[      0, 2571081],
        [      0, 2548919]], device='cuda:0')
==================================================
Confusion Matrix (Post) at threshold: 0.29000000000000004
Threat Score: 0.49783575534820557
tensor([[      0, 2571081],
        [      0, 2548919]], device='cuda:0')
==================================================
Confusion Matrix (Prior) at threshold: 0.29000000000000004
Threat Score: 0.49783575534820557
tensor([[      0, 2571081],
        [      0, 2548919]], device='cuda:0')
==================================================
Confusion Matrix (Post) at threshold: 0.30000000000000004
Threat Score: 0.49783575534820557
tensor([[      0, 2571081],
        [      0, 2548919]], device='cuda:0')
==================================================
Confusion Matrix (Prior) at threshold: 0.30000000000000004
Threat Score: 0.49783575534820557
tensor([[      0, 2571081],
        [      0, 2548919]], device='cuda:0')
==================================================
Confusion Matrix (Post) at threshold: 0.31
Threat Score: 0.49783575534820557
tensor([[      0, 2571081],
        [      0, 2548919]], device='cuda:0')
==================================================
Confusion Matrix (Prior) at threshold: 0.31
Threat Score: 0.49783575534820557
tensor([[      0, 2571081],
        [      0, 2548919]], device='cuda:0')
==================================================
Confusion Matrix (Post) at threshold: 0.32
Threat Score: 0.49783575534820557
tensor([[      0, 2571081],
        [      0, 2548919]], device='cuda:0')
==================================================
Confusion Matrix (Prior) at threshold: 0.32
Threat Score: 0.49783575534820557
tensor([[      0, 2571081],
        [      0, 2548919]], device='cuda:0')
==================================================
Confusion Matrix (Post) at threshold: 0.33
Threat Score: 0.49783575534820557
tensor([[      0, 2571081],
        [      0, 2548919]], device='cuda:0')
==================================================
Confusion Matrix (Prior) at threshold: 0.33
Threat Score: 0.49783575534820557
tensor([[      0, 2571081],
        [      0, 2548919]], device='cuda:0')
==================================================
Confusion Matrix (Post) at threshold: 0.34
Threat Score: 0.49783575534820557
tensor([[      0, 2571081],
        [      0, 2548919]], device='cuda:0')
==================================================
Confusion Matrix (Prior) at threshold: 0.34
Threat Score: 0.49783575534820557
tensor([[      0, 2571081],
        [      0, 2548919]], device='cuda:0')
==================================================
Confusion Matrix (Post) at threshold: 0.35
Threat Score: 0.49783575534820557
tensor([[      0, 2571081],
        [      0, 2548919]], device='cuda:0')
==================================================
Confusion Matrix (Prior) at threshold: 0.35
Threat Score: 0.49783575534820557
tensor([[      0, 2571081],
        [      0, 2548919]], device='cuda:0')
==================================================
Confusion Matrix (Post) at threshold: 0.36
Threat Score: 0.49783533811569214
tensor([[      0, 2571081],
        [      2, 2548917]], device='cuda:0')
==================================================
Confusion Matrix (Prior) at threshold: 0.36
Threat Score: 0.49783533811569214
tensor([[      0, 2571081],
        [      2, 2548917]], device='cuda:0')
==================================================
Confusion Matrix (Post) at threshold: 0.37
Threat Score: 0.5117945075035095
tensor([[ 305714, 2265367],
        [  84994, 2463925]], device='cuda:0')
==================================================
Confusion Matrix (Prior) at threshold: 0.37
Threat Score: 0.5117945075035095
tensor([[ 305714, 2265367],
        [  84994, 2463925]], device='cuda:0')
==================================================
Confusion Matrix (Post) at threshold: 0.38
Threat Score: 0.5713951587677002
tensor([[1299593, 1271488],
        [ 365957, 2182962]], device='cuda:0')
==================================================
Confusion Matrix (Prior) at threshold: 0.38
Threat Score: 0.5713951587677002
tensor([[1299593, 1271488],
        [ 365957, 2182962]], device='cuda:0')
==================================================
Confusion Matrix (Post) at threshold: 0.39
Threat Score: 0.6221474409103394
tensor([[1860006,  711075],
        [ 520722, 2028197]], device='cuda:0')
==================================================
Confusion Matrix (Prior) at threshold: 0.39
Threat Score: 0.6221474409103394
tensor([[1860006,  711075],
        [ 520722, 2028197]], device='cuda:0')
==================================================
Confusion Matrix (Post) at threshold: 0.4
Threat Score: 0.665785551071167
tensor([[2191871,  379210],
        [ 599413, 1949506]], device='cuda:0')
==================================================
Confusion Matrix (Prior) at threshold: 0.4
Threat Score: 0.665785551071167
tensor([[2191871,  379210],
        [ 599413, 1949506]], device='cuda:0')
==================================================
Confusion Matrix (Post) at threshold: 0.41000000000000003
Threat Score: 0.679766833782196
tensor([[2287414,  283667],
        [ 623421, 1925498]], device='cuda:0')
==================================================
Confusion Matrix (Prior) at threshold: 0.41000000000000003
Threat Score: 0.679766833782196
tensor([[2287414,  283667],
        [ 623421, 1925498]], device='cuda:0')
==================================================
Confusion Matrix (Post) at threshold: 0.42000000000000004
Threat Score: 0.6848582625389099
tensor([[2321970,  249111],
        [ 632665, 1916254]], device='cuda:0')
==================================================
Confusion Matrix (Prior) at threshold: 0.42000000000000004
Threat Score: 0.6848582625389099
tensor([[2321970,  249111],
        [ 632665, 1916254]], device='cuda:0')
==================================================
Confusion Matrix (Post) at threshold: 0.43000000000000005
Threat Score: 0.6869112253189087
tensor([[2336834,  234247],
        [ 637131, 1911788]], device='cuda:0')
==================================================
Confusion Matrix (Prior) at threshold: 0.43000000000000005
Threat Score: 0.6869112253189087
tensor([[2336834,  234247],
        [ 637131, 1911788]], device='cuda:0')
==================================================
Confusion Matrix (Post) at threshold: 0.44
Threat Score: 0.6879702806472778
tensor([[2346040,  225041],
        [ 640517, 1908402]], device='cuda:0')
==================================================
Confusion Matrix (Prior) at threshold: 0.44
Threat Score: 0.6879702806472778
tensor([[2346040,  225041],
        [ 640517, 1908402]], device='cuda:0')
==================================================
Confusion Matrix (Post) at threshold: 0.45
Threat Score: 0.6902011036872864
tensor([[2360471,  210610],
        [ 644289, 1904630]], device='cuda:0')
==================================================
Confusion Matrix (Prior) at threshold: 0.45
Threat Score: 0.6902011036872864
tensor([[2360471,  210610],
        [ 644289, 1904630]], device='cuda:0')
==================================================
Confusion Matrix (Post) at threshold: 0.46
Threat Score: 0.6918689012527466
tensor([[2376405,  194676],
        [ 650711, 1898208]], device='cuda:0')
==================================================
Confusion Matrix (Prior) at threshold: 0.46
Threat Score: 0.6918689012527466
tensor([[2376405,  194676],
        [ 650711, 1898208]], device='cuda:0')
==================================================
Confusion Matrix (Post) at threshold: 0.47000000000000003
Threat Score: 0.6918463706970215
tensor([[2383258,  187823],
        [ 655514, 1893405]], device='cuda:0')
==================================================
Confusion Matrix (Prior) at threshold: 0.47000000000000003
Threat Score: 0.6918463706970215
tensor([[2383258,  187823],
        [ 655514, 1893405]], device='cuda:0')
==================================================
Confusion Matrix (Post) at threshold: 0.48000000000000004
Threat Score: 0.6913259029388428
tensor([[2389978,  181103],
        [ 661584, 1887335]], device='cuda:0')
==================================================
Confusion Matrix (Prior) at threshold: 0.48000000000000004
Threat Score: 0.6913259029388428
tensor([[2389978,  181103],
        [ 661584, 1887335]], device='cuda:0')
==================================================
Confusion Matrix (Post) at threshold: 0.49
Threat Score: 0.6871645450592041
tensor([[2412433,  158648],
        [ 688375, 1860544]], device='cuda:0')
==================================================
Confusion Matrix (Prior) at threshold: 0.49
Threat Score: 0.6871645450592041
tensor([[2412433,  158648],
        [ 688375, 1860544]], device='cuda:0')
==================================================
Confusion Matrix (Post) at threshold: 0.5
Threat Score: 0.6449195146560669
tensor([[2504314,   66767],
        [ 862012, 1686907]], device='cuda:0')
==================================================
Confusion Matrix (Prior) at threshold: 0.5
Threat Score: 0.6449195146560669
tensor([[2504314,   66767],
        [ 862012, 1686907]], device='cuda:0')
==================================================
Confusion Matrix (Post) at threshold: 0.51
Threat Score: 0.6439164876937866
tensor([[2507916,   63165],
        [ 866955, 1681964]], device='cuda:0')
==================================================
Confusion Matrix (Prior) at threshold: 0.51
Threat Score: 0.6439164876937866
tensor([[2507916,   63165],
        [ 866955, 1681964]], device='cuda:0')
==================================================
Confusion Matrix (Post) at threshold: 0.52
Threat Score: 0.6431149840354919
tensor([[2511196,   59885],
        [ 871158, 1677761]], device='cuda:0')
==================================================
Confusion Matrix (Prior) at threshold: 0.52
Threat Score: 0.6431149840354919
tensor([[2511196,   59885],
        [ 871158, 1677761]], device='cuda:0')
==================================================
Confusion Matrix (Post) at threshold: 0.53
Threat Score: 0.6422993540763855
tensor([[2513709,   57372],
        [ 874900, 1674019]], device='cuda:0')
==================================================
Confusion Matrix (Prior) at threshold: 0.53
Threat Score: 0.6422993540763855
tensor([[2513709,   57372],
        [ 874900, 1674019]], device='cuda:0')
==================================================
Confusion Matrix (Post) at threshold: 0.54
Threat Score: 0.6413251757621765
tensor([[2516285,   54796],
        [ 879091, 1669828]], device='cuda:0')
==================================================
Confusion Matrix (Prior) at threshold: 0.54
Threat Score: 0.6413251757621765
tensor([[2516285,   54796],
        [ 879091, 1669828]], device='cuda:0')
==================================================
Confusion Matrix (Post) at threshold: 0.55
Threat Score: 0.6399891972541809
tensor([[2518967,   52114],
        [ 884286, 1664633]], device='cuda:0')
==================================================
Confusion Matrix (Prior) at threshold: 0.55
Threat Score: 0.6399891972541809
tensor([[2518967,   52114],
        [ 884286, 1664633]], device='cuda:0')
==================================================
Confusion Matrix (Post) at threshold: 0.56
Threat Score: 0.6386364102363586
tensor([[2521390,   49691],
        [ 889352, 1659567]], device='cuda:0')
==================================================
Confusion Matrix (Prior) at threshold: 0.56
Threat Score: 0.6386364102363586
tensor([[2521390,   49691],
        [ 889352, 1659567]], device='cuda:0')
==================================================
Confusion Matrix (Post) at threshold: 0.5700000000000001
Threat Score: 0.637662947177887
tensor([[2523128,   47953],
        [ 892990, 1655929]], device='cuda:0')
==================================================
Confusion Matrix (Prior) at threshold: 0.5700000000000001
Threat Score: 0.637662947177887
tensor([[2523128,   47953],
        [ 892990, 1655929]], device='cuda:0')
==================================================
Confusion Matrix (Post) at threshold: 0.5800000000000001
Threat Score: 0.6368157267570496
tensor([[2524458,   46623],
        [ 896037, 1652882]], device='cuda:0')
==================================================
Confusion Matrix (Prior) at threshold: 0.5800000000000001
Threat Score: 0.6368157267570496
tensor([[2524458,   46623],
        [ 896037, 1652882]], device='cuda:0')
==================================================
Confusion Matrix (Post) at threshold: 0.5900000000000001
Threat Score: 0.6359200477600098
tensor([[2525600,   45481],
        [ 899088, 1649831]], device='cuda:0')
==================================================
Confusion Matrix (Prior) at threshold: 0.5900000000000001
Threat Score: 0.6359200477600098
tensor([[2525600,   45481],
        [ 899088, 1649831]], device='cuda:0')
==================================================
Confusion Matrix (Post) at threshold: 0.6000000000000001
Threat Score: 0.6351978182792664
tensor([[2526737,   44344],
        [ 901684, 1647235]], device='cuda:0')
==================================================
Confusion Matrix (Prior) at threshold: 0.6000000000000001
Threat Score: 0.6351978182792664
tensor([[2526737,   44344],
        [ 901684, 1647235]], device='cuda:0')
==================================================
Confusion Matrix (Post) at threshold: 0.6100000000000001
Threat Score: 0.6344784498214722
tensor([[2527770,   43311],
        [ 904205, 1644714]], device='cuda:0')
==================================================
Confusion Matrix (Prior) at threshold: 0.6100000000000001
Threat Score: 0.6344784498214722
tensor([[2527770,   43311],
        [ 904205, 1644714]], device='cuda:0')
==================================================
Confusion Matrix (Post) at threshold: 0.62
Threat Score: 0.633607029914856
tensor([[2528665,   42416],
        [ 907031, 1641888]], device='cuda:0')
==================================================
Confusion Matrix (Prior) at threshold: 0.62
Threat Score: 0.633607029914856
tensor([[2528665,   42416],
        [ 907031, 1641888]], device='cuda:0')
==================================================
Confusion Matrix (Post) at threshold: 0.63
Threat Score: 0.6322956085205078
tensor([[2529661,   41420],
        [ 911059, 1637860]], device='cuda:0')
==================================================
Confusion Matrix (Prior) at threshold: 0.63
Threat Score: 0.6322956085205078
tensor([[2529661,   41420],
        [ 911059, 1637860]], device='cuda:0')
==================================================
Confusion Matrix (Post) at threshold: 0.64
Threat Score: 0.6310590505599976
tensor([[2530507,   40574],
        [ 914796, 1634123]], device='cuda:0')
==================================================
Confusion Matrix (Prior) at threshold: 0.64
Threat Score: 0.6310590505599976
tensor([[2530507,   40574],
        [ 914796, 1634123]], device='cuda:0')
==================================================
Confusion Matrix (Post) at threshold: 0.65
Threat Score: 0.6298577785491943
tensor([[2531584,   39497],
        [ 918585, 1630334]], device='cuda:0')
==================================================
Confusion Matrix (Prior) at threshold: 0.65
Threat Score: 0.6298577785491943
tensor([[2531584,   39497],
        [ 918585, 1630334]], device='cuda:0')
==================================================
Confusion Matrix (Post) at threshold: 0.66
Threat Score: 0.6283187866210938
tensor([[2532998,   38083],
        [ 923457, 1625462]], device='cuda:0')
==================================================
Confusion Matrix (Prior) at threshold: 0.66
Threat Score: 0.6283187866210938
tensor([[2532998,   38083],
        [ 923457, 1625462]], device='cuda:0')
==================================================
Confusion Matrix (Post) at threshold: 0.67
Threat Score: 0.6265619397163391
tensor([[2534420,   36661],
        [ 928893, 1620026]], device='cuda:0')
==================================================
Confusion Matrix (Prior) at threshold: 0.67
Threat Score: 0.6265619397163391
tensor([[2534420,   36661],
        [ 928893, 1620026]], device='cuda:0')
==================================================
Confusion Matrix (Post) at threshold: 0.6799999999999999
Threat Score: 0.6244030594825745
tensor([[2536012,   35069],
        [ 935469, 1613450]], device='cuda:0')
==================================================
Confusion Matrix (Prior) at threshold: 0.6799999999999999
Threat Score: 0.6244030594825745
tensor([[2536012,   35069],
        [ 935469, 1613450]], device='cuda:0')
==================================================
Confusion Matrix (Post) at threshold: 0.69
Threat Score: 0.6221418380737305
tensor([[2537552,   33529],
        [ 942270, 1606649]], device='cuda:0')
==================================================
Confusion Matrix (Prior) at threshold: 0.69
Threat Score: 0.6221418380737305
tensor([[2537552,   33529],
        [ 942270, 1606649]], device='cuda:0')
==================================================
Confusion Matrix (Post) at threshold: 0.7
Threat Score: 0.619503915309906
tensor([[2539038,   32043],
        [ 950003, 1598916]], device='cuda:0')
==================================================
Confusion Matrix (Prior) at threshold: 0.7
Threat Score: 0.619503915309906
tensor([[2539038,   32043],
        [ 950003, 1598916]], device='cuda:0')
==================================================
Confusion Matrix (Post) at threshold: 0.71
Threat Score: 0.6166853904724121
tensor([[2540667,   30414],
        [ 958282, 1590637]], device='cuda:0')
==================================================
Confusion Matrix (Prior) at threshold: 0.71
Threat Score: 0.6166853904724121
tensor([[2540667,   30414],
        [ 958282, 1590637]], device='cuda:0')
==================================================
Confusion Matrix (Post) at threshold: 0.72
Threat Score: 0.613279402256012
tensor([[2542457,   28624],
        [ 968165, 1580754]], device='cuda:0')
==================================================
Confusion Matrix (Prior) at threshold: 0.72
Threat Score: 0.613279402256012
tensor([[2542457,   28624],
        [ 968165, 1580754]], device='cuda:0')
==================================================
Confusion Matrix (Post) at threshold: 0.73
Threat Score: 0.6087324619293213
tensor([[2544780,   26301],
        [ 981299, 1567620]], device='cuda:0')
==================================================
Confusion Matrix (Prior) at threshold: 0.73
Threat Score: 0.6087324619293213
tensor([[2544780,   26301],
        [ 981299, 1567620]], device='cuda:0')
==================================================
Confusion Matrix (Post) at threshold: 0.74
Threat Score: 0.6029686331748962
tensor([[2547299,   23782],
        [ 997661, 1551258]], device='cuda:0')
==================================================
Confusion Matrix (Prior) at threshold: 0.74
Threat Score: 0.6029686331748962
tensor([[2547299,   23782],
        [ 997661, 1551258]], device='cuda:0')
==================================================
Confusion Matrix (Post) at threshold: 0.75
Threat Score: 0.5971544981002808
tensor([[2549769,   21312],
        [1014094, 1534825]], device='cuda:0')
==================================================
Confusion Matrix (Prior) at threshold: 0.75
Threat Score: 0.5971544981002808
tensor([[2549769,   21312],
        [1014094, 1534825]], device='cuda:0')
==================================================
Confusion Matrix (Post) at threshold: 0.76
Threat Score: 0.5906139016151428
tensor([[2552011,   19070],
        [1032229, 1516690]], device='cuda:0')
==================================================
Confusion Matrix (Prior) at threshold: 0.76
Threat Score: 0.5906139016151428
tensor([[2552011,   19070],
        [1032229, 1516690]], device='cuda:0')
==================================================
Confusion Matrix (Post) at threshold: 0.77
Threat Score: 0.5809439420700073
tensor([[2554057,   17024],
        [1058250, 1490669]], device='cuda:0')
==================================================
Confusion Matrix (Prior) at threshold: 0.77
Threat Score: 0.5809439420700073
tensor([[2554057,   17024],
        [1058250, 1490669]], device='cuda:0')
==================================================
Confusion Matrix (Post) at threshold: 0.78
Threat Score: 0.5640737414360046
tensor([[2556227,   14854],
        [1102762, 1446157]], device='cuda:0')
==================================================
Confusion Matrix (Prior) at threshold: 0.78
Threat Score: 0.5640737414360046
tensor([[2556227,   14854],
        [1102762, 1446157]], device='cuda:0')
==================================================
Confusion Matrix (Post) at threshold: 0.79
Threat Score: 0.5368196964263916
tensor([[2558749,   12332],
        [1173989, 1374930]], device='cuda:0')
==================================================
Confusion Matrix (Prior) at threshold: 0.79
Threat Score: 0.5368196964263916
tensor([[2558749,   12332],
        [1173989, 1374930]], device='cuda:0')
==================================================
====================================================================================================
====================================================================================================
Threat Score: 0.6449195146560669
Threat Score: 0.6662821769714355
Threat Score: 0.6242570877075195
Threat Score: 0.7067422270774841
Threat Score: 0.7309470176696777
Threat Score: 0.7346515655517578
Threat Score: 0.6808379292488098
Threat Score: 0.5125905275344849
Threat Score: 0.702887237071991
Threat Score: 0.680514395236969
Threat Score: 0.6482353806495667
Threat Score: 0.6689230799674988
Threat Score: 0.6694327592849731
Threat Score: 0.5280876159667969
Threat Score: 0.5673168301582336
Threat Score: 0.7141351103782654
Threat Score: 0.6523652672767639
Threat Score: 0.6508512496948242
Threat Score: 0.5027512907981873
Threat Score: 0.7063355445861816
Threat Score: 0.6252176761627197
Threat Score: 0.7198145389556885
Threat Score: 0.749068021774292
Threat Score: 0.6388352513313293
Threat Score: 0.6110808849334717
Threat Score: 0.6728259921073914
Threat Score: 0.6769631505012512
Threat Score: 0.6360797882080078
Threat Score: 0.6520140171051025
Threat Score: 0.6978170275688171
Threat Score: 0.5565231442451477
Threat Score: 0.5430944561958313
Threat Score: 0.5554779171943665
Threat Score: 0.6080995798110962
Threat Score: 0.6449084281921387
Threat Score: 0.579811155796051
Threat Score: 0.5624153017997742
Threat Score: 0.7373068928718567
Threat Score: 0.7083771228790283
Threat Score: 0.715124785900116
Threat Score: 0.5671653151512146
Threat Score: 0.6831428408622742
Threat Score: 0.7385479807853699
Threat Score: 0.6350663304328918
Threat Score: 0.6441078186035156
Threat Score: 0.6536499261856079
Threat Score: 0.6770278811454773
Threat Score: 0.7456786632537842
Threat Score: 0.6357911825180054
Threat Score: 0.7481096386909485
Threat Score: 0.5077707767486572
Threat Score: 0.6889183521270752
Threat Score: 0.6585130095481873
Threat Score: 0.6537871360778809
Threat Score: 0.5755149126052856
Threat Score: 0.5843634009361267
Threat Score: 0.7465842366218567
Threat Score: 0.761339545249939
Threat Score: 0.663174033164978
Threat Score: 0.7047106623649597
Threat Score: 0.6225295066833496
Threat Score: 0.6770972609519958
Threat Score: 0.6530888676643372
Threat Score: 0.5245920419692993
Threat Score: 0.6041591763496399
Threat Score: 0.6153408885002136
Threat Score: 0.6102111339569092
Threat Score: 0.661961555480957
Threat Score: 0.5944640040397644
Threat Score: 0.8379741311073303
Threat Score: 0.7224077582359314
Threat Score: 0.706032931804657
Threat Score: 0.5734060406684875
Threat Score: 0.6185352802276611
Threat Score: 0.6810752153396606
Threat Score: 0.6283026337623596
Threat Score: 0.584797203540802
Threat Score: 0.6863678097724915
Threat Score: 0.661867618560791
Threat Score: 0.6635488867759705
Threat Score: 0.7407801151275635
Threat Score: 0.780540943145752
Threat Score: 0.7118127942085266
Threat Score: 0.6438144445419312
Threat Score: 0.6602815389633179
Threat Score: 0.634451687335968
Threat Score: 0.6761794090270996
Threat Score: 0.62416672706604
Threat Score: 0.5885103940963745
Updating best model
