====> Epoch: 0 Average loss: 439125.8157
Confusion Matrix (Post) at threshold: 0.2
Threat Score: 0.001156087382696569
tensor([[    145, 5113936],
        [      0,    5919]], device='cuda:0')
==================================================
Confusion Matrix (Prior) at threshold: 0.2
Threat Score: 0.001156087382696569
tensor([[    145, 5113936],
        [      0,    5919]], device='cuda:0')
==================================================
Confusion Matrix (Post) at threshold: 0.21000000000000002
Threat Score: 0.0011560901766642928
tensor([[    157, 5113924],
        [      0,    5919]], device='cuda:0')
==================================================
Confusion Matrix (Prior) at threshold: 0.21000000000000002
Threat Score: 0.0011560901766642928
tensor([[    157, 5113924],
        [      0,    5919]], device='cuda:0')
==================================================
Confusion Matrix (Post) at threshold: 0.22
Threat Score: 0.0011560926213860512
tensor([[    168, 5113913],
        [      0,    5919]], device='cuda:0')
==================================================
Confusion Matrix (Prior) at threshold: 0.22
Threat Score: 0.0011560926213860512
tensor([[    168, 5113913],
        [      0,    5919]], device='cuda:0')
==================================================
Confusion Matrix (Post) at threshold: 0.23
Threat Score: 0.0011560950661078095
tensor([[    179, 5113902],
        [      0,    5919]], device='cuda:0')
==================================================
Confusion Matrix (Prior) at threshold: 0.23
Threat Score: 0.0011560950661078095
tensor([[    179, 5113902],
        [      0,    5919]], device='cuda:0')
==================================================
Confusion Matrix (Post) at threshold: 0.24000000000000002
Threat Score: 0.0011560969287529588
tensor([[    187, 5113894],
        [      0,    5919]], device='cuda:0')
==================================================
Confusion Matrix (Prior) at threshold: 0.24000000000000002
Threat Score: 0.0011560969287529588
tensor([[    187, 5113894],
        [      0,    5919]], device='cuda:0')
==================================================
Confusion Matrix (Post) at threshold: 0.25
Threat Score: 0.0011560986749827862
tensor([[    195, 5113886],
        [      0,    5919]], device='cuda:0')
==================================================
Confusion Matrix (Prior) at threshold: 0.25
Threat Score: 0.0011560986749827862
tensor([[    195, 5113886],
        [      0,    5919]], device='cuda:0')
==================================================
Confusion Matrix (Post) at threshold: 0.26
Threat Score: 0.0011561010032892227
tensor([[    205, 5113876],
        [      0,    5919]], device='cuda:0')
==================================================
Confusion Matrix (Prior) at threshold: 0.26
Threat Score: 0.0011561010032892227
tensor([[    205, 5113876],
        [      0,    5919]], device='cuda:0')
==================================================
Confusion Matrix (Post) at threshold: 0.27
Threat Score: 0.0011561025166884065
tensor([[    212, 5113869],
        [      0,    5919]], device='cuda:0')
==================================================
Confusion Matrix (Prior) at threshold: 0.27
Threat Score: 0.0011561025166884065
tensor([[    212, 5113869],
        [      0,    5919]], device='cuda:0')
==================================================
Confusion Matrix (Post) at threshold: 0.28
Threat Score: 0.001156105543486774
tensor([[    225, 5113856],
        [      0,    5919]], device='cuda:0')
==================================================
Confusion Matrix (Prior) at threshold: 0.28
Threat Score: 0.001156105543486774
tensor([[    225, 5113856],
        [      0,    5919]], device='cuda:0')
==================================================
Confusion Matrix (Post) at threshold: 0.29000000000000004
Threat Score: 0.0011561091523617506
tensor([[    241, 5113840],
        [      0,    5919]], device='cuda:0')
==================================================
Confusion Matrix (Prior) at threshold: 0.29000000000000004
Threat Score: 0.0011561091523617506
tensor([[    241, 5113840],
        [      0,    5919]], device='cuda:0')
==================================================
Confusion Matrix (Post) at threshold: 0.30000000000000004
Threat Score: 0.0011561127612367272
tensor([[    257, 5113824],
        [      0,    5919]], device='cuda:0')
==================================================
Confusion Matrix (Prior) at threshold: 0.30000000000000004
Threat Score: 0.0011561127612367272
tensor([[    257, 5113824],
        [      0,    5919]], device='cuda:0')
==================================================
Confusion Matrix (Post) at threshold: 0.31
Threat Score: 0.0011561163701117039
tensor([[    273, 5113808],
        [      0,    5919]], device='cuda:0')
==================================================
Confusion Matrix (Prior) at threshold: 0.31
Threat Score: 0.0011561163701117039
tensor([[    273, 5113808],
        [      0,    5919]], device='cuda:0')
==================================================
Confusion Matrix (Post) at threshold: 0.32
Threat Score: 0.0011561197461560369
tensor([[    288, 5113793],
        [      0,    5919]], device='cuda:0')
==================================================
Confusion Matrix (Prior) at threshold: 0.32
Threat Score: 0.0011561197461560369
tensor([[    288, 5113793],
        [      0,    5919]], device='cuda:0')
==================================================
Confusion Matrix (Post) at threshold: 0.33
Threat Score: 0.0011561240535229445
tensor([[    307, 5113774],
        [      0,    5919]], device='cuda:0')
==================================================
Confusion Matrix (Prior) at threshold: 0.33
Threat Score: 0.0011561240535229445
tensor([[    307, 5113774],
        [      0,    5919]], device='cuda:0')
==================================================
Confusion Matrix (Post) at threshold: 0.34
Threat Score: 0.0011561281280592084
tensor([[    325, 5113756],
        [      0,    5919]], device='cuda:0')
==================================================
Confusion Matrix (Prior) at threshold: 0.34
Threat Score: 0.0011561281280592084
tensor([[    325, 5113756],
        [      0,    5919]], device='cuda:0')
==================================================
Confusion Matrix (Post) at threshold: 0.35
Threat Score: 0.0011561323190107942
tensor([[    344, 5113737],
        [      0,    5919]], device='cuda:0')
==================================================
Confusion Matrix (Prior) at threshold: 0.35
Threat Score: 0.0011561323190107942
tensor([[    344, 5113737],
        [      0,    5919]], device='cuda:0')
==================================================
Confusion Matrix (Post) at threshold: 0.36
Threat Score: 0.0011561380233615637
tensor([[    369, 5113712],
        [      0,    5919]], device='cuda:0')
==================================================
Confusion Matrix (Prior) at threshold: 0.36
Threat Score: 0.0011561380233615637
tensor([[    369, 5113712],
        [      0,    5919]], device='cuda:0')
==================================================
Confusion Matrix (Post) at threshold: 0.37
Threat Score: 0.0011561443097889423
tensor([[    397, 5113684],
        [      0,    5919]], device='cuda:0')
==================================================
Confusion Matrix (Prior) at threshold: 0.37
Threat Score: 0.0011561443097889423
tensor([[    397, 5113684],
        [      0,    5919]], device='cuda:0')
==================================================
Confusion Matrix (Post) at threshold: 0.38
Threat Score: 0.001156154554337263
tensor([[    442, 5113639],
        [      0,    5919]], device='cuda:0')
==================================================
Confusion Matrix (Prior) at threshold: 0.38
Threat Score: 0.001156154554337263
tensor([[    442, 5113639],
        [      0,    5919]], device='cuda:0')
==================================================
Confusion Matrix (Post) at threshold: 0.39
Threat Score: 0.0011561719002202153
tensor([[    519, 5113562],
        [      0,    5919]], device='cuda:0')
==================================================
Confusion Matrix (Prior) at threshold: 0.39
Threat Score: 0.0011561719002202153
tensor([[    519, 5113562],
        [      0,    5919]], device='cuda:0')
==================================================
Confusion Matrix (Post) at threshold: 0.4
Threat Score: 0.001156228594481945
tensor([[    770, 5113311],
        [      0,    5919]], device='cuda:0')
==================================================
Confusion Matrix (Prior) at threshold: 0.4
Threat Score: 0.001156228594481945
tensor([[    770, 5113311],
        [      0,    5919]], device='cuda:0')
==================================================
Confusion Matrix (Post) at threshold: 0.41000000000000003
Threat Score: 0.0
tensor([[5113985,      96],
        [   5919,       0]], device='cuda:0')
==================================================
Confusion Matrix (Prior) at threshold: 0.41000000000000003
Threat Score: 0.0
tensor([[5113985,      96],
        [   5919,       0]], device='cuda:0')
==================================================
Confusion Matrix (Post) at threshold: 0.42000000000000004
Threat Score: 0.0
tensor([[5114077,       4],
        [   5919,       0]], device='cuda:0')
==================================================
Confusion Matrix (Prior) at threshold: 0.42000000000000004
Threat Score: 0.0
tensor([[5114077,       4],
        [   5919,       0]], device='cuda:0')
==================================================
Confusion Matrix (Post) at threshold: 0.43000000000000005
Threat Score: 0.0
tensor([[5114081,       0],
        [   5919,       0]], device='cuda:0')
==================================================
Confusion Matrix (Prior) at threshold: 0.43000000000000005
Threat Score: 0.0
tensor([[5114081,       0],
        [   5919,       0]], device='cuda:0')
==================================================
Confusion Matrix (Post) at threshold: 0.44
Threat Score: 0.0
tensor([[5114081,       0],
        [   5919,       0]], device='cuda:0')
==================================================
Confusion Matrix (Prior) at threshold: 0.44
Threat Score: 0.0
tensor([[5114081,       0],
        [   5919,       0]], device='cuda:0')
==================================================
Confusion Matrix (Post) at threshold: 0.45
Threat Score: 0.0
tensor([[5114081,       0],
        [   5919,       0]], device='cuda:0')
==================================================
Confusion Matrix (Prior) at threshold: 0.45
Threat Score: 0.0
tensor([[5114081,       0],
        [   5919,       0]], device='cuda:0')
==================================================
Confusion Matrix (Post) at threshold: 0.46
Threat Score: 0.0
tensor([[5114081,       0],
        [   5919,       0]], device='cuda:0')
==================================================
Confusion Matrix (Prior) at threshold: 0.46
Threat Score: 0.0
tensor([[5114081,       0],
        [   5919,       0]], device='cuda:0')
==================================================
Confusion Matrix (Post) at threshold: 0.47000000000000003
Threat Score: 0.0
tensor([[5114081,       0],
        [   5919,       0]], device='cuda:0')
==================================================
Confusion Matrix (Prior) at threshold: 0.47000000000000003
Threat Score: 0.0
tensor([[5114081,       0],
        [   5919,       0]], device='cuda:0')
==================================================
Confusion Matrix (Post) at threshold: 0.48000000000000004
Threat Score: 0.0
tensor([[5114081,       0],
        [   5919,       0]], device='cuda:0')
==================================================
Confusion Matrix (Prior) at threshold: 0.48000000000000004
Threat Score: 0.0
tensor([[5114081,       0],
        [   5919,       0]], device='cuda:0')
==================================================
Confusion Matrix (Post) at threshold: 0.49
Threat Score: 0.0
tensor([[5114081,       0],
        [   5919,       0]], device='cuda:0')
==================================================
Confusion Matrix (Prior) at threshold: 0.49
Threat Score: 0.0
tensor([[5114081,       0],
        [   5919,       0]], device='cuda:0')
==================================================
Confusion Matrix (Post) at threshold: 0.5
Threat Score: 0.0
tensor([[5114081,       0],
        [   5919,       0]], device='cuda:0')
==================================================
Confusion Matrix (Prior) at threshold: 0.5
Threat Score: 0.0
tensor([[5114081,       0],
        [   5919,       0]], device='cuda:0')
==================================================
Confusion Matrix (Post) at threshold: 0.51
Threat Score: 0.0
tensor([[5114081,       0],
        [   5919,       0]], device='cuda:0')
==================================================
Confusion Matrix (Prior) at threshold: 0.51
Threat Score: 0.0
tensor([[5114081,       0],
        [   5919,       0]], device='cuda:0')
==================================================
Confusion Matrix (Post) at threshold: 0.52
Threat Score: 0.0
tensor([[5114081,       0],
        [   5919,       0]], device='cuda:0')
==================================================
Confusion Matrix (Prior) at threshold: 0.52
Threat Score: 0.0
tensor([[5114081,       0],
        [   5919,       0]], device='cuda:0')
==================================================
Confusion Matrix (Post) at threshold: 0.53
Threat Score: 0.0
tensor([[5114081,       0],
        [   5919,       0]], device='cuda:0')
==================================================
Confusion Matrix (Prior) at threshold: 0.53
Threat Score: 0.0
tensor([[5114081,       0],
        [   5919,       0]], device='cuda:0')
==================================================
Confusion Matrix (Post) at threshold: 0.54
Threat Score: 0.0
tensor([[5114081,       0],
        [   5919,       0]], device='cuda:0')
==================================================
Confusion Matrix (Prior) at threshold: 0.54
Threat Score: 0.0
tensor([[5114081,       0],
        [   5919,       0]], device='cuda:0')
==================================================
Confusion Matrix (Post) at threshold: 0.55
Threat Score: 0.0
tensor([[5114081,       0],
        [   5919,       0]], device='cuda:0')
==================================================
Confusion Matrix (Prior) at threshold: 0.55
Threat Score: 0.0
tensor([[5114081,       0],
        [   5919,       0]], device='cuda:0')
==================================================
Confusion Matrix (Post) at threshold: 0.56
Threat Score: 0.0
tensor([[5114081,       0],
        [   5919,       0]], device='cuda:0')
==================================================
Confusion Matrix (Prior) at threshold: 0.56
Threat Score: 0.0
tensor([[5114081,       0],
        [   5919,       0]], device='cuda:0')
==================================================
Confusion Matrix (Post) at threshold: 0.5700000000000001
Threat Score: 0.0
tensor([[5114081,       0],
        [   5919,       0]], device='cuda:0')
==================================================
Confusion Matrix (Prior) at threshold: 0.5700000000000001
Threat Score: 0.0
tensor([[5114081,       0],
        [   5919,       0]], device='cuda:0')
==================================================
Confusion Matrix (Post) at threshold: 0.5800000000000001
Threat Score: 0.0
tensor([[5114081,       0],
        [   5919,       0]], device='cuda:0')
==================================================
Confusion Matrix (Prior) at threshold: 0.5800000000000001
Threat Score: 0.0
tensor([[5114081,       0],
        [   5919,       0]], device='cuda:0')
==================================================
Confusion Matrix (Post) at threshold: 0.5900000000000001
Threat Score: 0.0
tensor([[5114081,       0],
        [   5919,       0]], device='cuda:0')
==================================================
Confusion Matrix (Prior) at threshold: 0.5900000000000001
Threat Score: 0.0
tensor([[5114081,       0],
        [   5919,       0]], device='cuda:0')
==================================================
Confusion Matrix (Post) at threshold: 0.6000000000000001
Threat Score: 0.0
tensor([[5114081,       0],
        [   5919,       0]], device='cuda:0')
==================================================
Confusion Matrix (Prior) at threshold: 0.6000000000000001
Threat Score: 0.0
tensor([[5114081,       0],
        [   5919,       0]], device='cuda:0')
==================================================
Confusion Matrix (Post) at threshold: 0.6100000000000001
Threat Score: 0.0
tensor([[5114081,       0],
        [   5919,       0]], device='cuda:0')
==================================================
Confusion Matrix (Prior) at threshold: 0.6100000000000001
Threat Score: 0.0
tensor([[5114081,       0],
        [   5919,       0]], device='cuda:0')
==================================================
Confusion Matrix (Post) at threshold: 0.62
Threat Score: 0.0
tensor([[5114081,       0],
        [   5919,       0]], device='cuda:0')
==================================================
Confusion Matrix (Prior) at threshold: 0.62
Threat Score: 0.0
tensor([[5114081,       0],
        [   5919,       0]], device='cuda:0')
==================================================
Confusion Matrix (Post) at threshold: 0.63
Threat Score: 0.0
tensor([[5114081,       0],
        [   5919,       0]], device='cuda:0')
==================================================
Confusion Matrix (Prior) at threshold: 0.63
Threat Score: 0.0
tensor([[5114081,       0],
        [   5919,       0]], device='cuda:0')
==================================================
Confusion Matrix (Post) at threshold: 0.64
Threat Score: 0.0
tensor([[5114081,       0],
        [   5919,       0]], device='cuda:0')
==================================================
Confusion Matrix (Prior) at threshold: 0.64
Threat Score: 0.0
tensor([[5114081,       0],
        [   5919,       0]], device='cuda:0')
==================================================
Confusion Matrix (Post) at threshold: 0.65
Threat Score: 0.0
tensor([[5114081,       0],
        [   5919,       0]], device='cuda:0')
==================================================
Confusion Matrix (Prior) at threshold: 0.65
Threat Score: 0.0
tensor([[5114081,       0],
        [   5919,       0]], device='cuda:0')
==================================================
Confusion Matrix (Post) at threshold: 0.66
Threat Score: 0.0
tensor([[5114081,       0],
        [   5919,       0]], device='cuda:0')
==================================================
Confusion Matrix (Prior) at threshold: 0.66
Threat Score: 0.0
tensor([[5114081,       0],
        [   5919,       0]], device='cuda:0')
==================================================
Confusion Matrix (Post) at threshold: 0.67
Threat Score: 0.0
tensor([[5114081,       0],
        [   5919,       0]], device='cuda:0')
==================================================
Confusion Matrix (Prior) at threshold: 0.67
Threat Score: 0.0
tensor([[5114081,       0],
        [   5919,       0]], device='cuda:0')
==================================================
Confusion Matrix (Post) at threshold: 0.6799999999999999
Threat Score: 0.0
tensor([[5114081,       0],
        [   5919,       0]], device='cuda:0')
==================================================
Confusion Matrix (Prior) at threshold: 0.6799999999999999
Threat Score: 0.0
tensor([[5114081,       0],
        [   5919,       0]], device='cuda:0')
==================================================
Confusion Matrix (Post) at threshold: 0.69
Threat Score: 0.0
tensor([[5114081,       0],
        [   5919,       0]], device='cuda:0')
==================================================
Confusion Matrix (Prior) at threshold: 0.69
Threat Score: 0.0
tensor([[5114081,       0],
        [   5919,       0]], device='cuda:0')
==================================================
Confusion Matrix (Post) at threshold: 0.7
Threat Score: 0.0
tensor([[5114081,       0],
        [   5919,       0]], device='cuda:0')
==================================================
Confusion Matrix (Prior) at threshold: 0.7
Threat Score: 0.0
tensor([[5114081,       0],
        [   5919,       0]], device='cuda:0')
==================================================
Confusion Matrix (Post) at threshold: 0.71
Threat Score: 0.0
tensor([[5114081,       0],
        [   5919,       0]], device='cuda:0')
==================================================
Confusion Matrix (Prior) at threshold: 0.71
Threat Score: 0.0
tensor([[5114081,       0],
        [   5919,       0]], device='cuda:0')
==================================================
Confusion Matrix (Post) at threshold: 0.72
Threat Score: 0.0
tensor([[5114081,       0],
        [   5919,       0]], device='cuda:0')
==================================================
Confusion Matrix (Prior) at threshold: 0.72
Threat Score: 0.0
tensor([[5114081,       0],
        [   5919,       0]], device='cuda:0')
==================================================
Confusion Matrix (Post) at threshold: 0.73
Threat Score: 0.0
tensor([[5114081,       0],
        [   5919,       0]], device='cuda:0')
==================================================
Confusion Matrix (Prior) at threshold: 0.73
Threat Score: 0.0
tensor([[5114081,       0],
        [   5919,       0]], device='cuda:0')
==================================================
Confusion Matrix (Post) at threshold: 0.74
Threat Score: 0.0
tensor([[5114081,       0],
        [   5919,       0]], device='cuda:0')
==================================================
Confusion Matrix (Prior) at threshold: 0.74
Threat Score: 0.0
tensor([[5114081,       0],
        [   5919,       0]], device='cuda:0')
==================================================
Confusion Matrix (Post) at threshold: 0.75
Threat Score: 0.0
tensor([[5114081,       0],
        [   5919,       0]], device='cuda:0')
==================================================
Confusion Matrix (Prior) at threshold: 0.75
Threat Score: 0.0
tensor([[5114081,       0],
        [   5919,       0]], device='cuda:0')
==================================================
Confusion Matrix (Post) at threshold: 0.76
Threat Score: 0.0
tensor([[5114081,       0],
        [   5919,       0]], device='cuda:0')
==================================================
Confusion Matrix (Prior) at threshold: 0.76
Threat Score: 0.0
tensor([[5114081,       0],
        [   5919,       0]], device='cuda:0')
==================================================
Confusion Matrix (Post) at threshold: 0.77
Threat Score: 0.0
tensor([[5114081,       0],
        [   5919,       0]], device='cuda:0')
==================================================
Confusion Matrix (Prior) at threshold: 0.77
Threat Score: 0.0
tensor([[5114081,       0],
        [   5919,       0]], device='cuda:0')
==================================================
Confusion Matrix (Post) at threshold: 0.78
Threat Score: 0.0
tensor([[5114081,       0],
        [   5919,       0]], device='cuda:0')
==================================================
Confusion Matrix (Prior) at threshold: 0.78
Threat Score: 0.0
tensor([[5114081,       0],
        [   5919,       0]], device='cuda:0')
==================================================
Confusion Matrix (Post) at threshold: 0.79
Threat Score: 0.0
tensor([[5114081,       0],
        [   5919,       0]], device='cuda:0')
==================================================
Confusion Matrix (Prior) at threshold: 0.79
Threat Score: 0.0
tensor([[5114081,       0],
        [   5919,       0]], device='cuda:0')
==================================================
====================================================================================================
====================================================================================================
Threat Score: 0.0
Threat Score: 0.0
Threat Score: 0.0
Threat Score: 0.0
Threat Score: 0.0
Threat Score: 0.0
Threat Score: 0.0
Threat Score: 0.0
Threat Score: 0.0
Threat Score: 0.0
Threat Score: 0.0
Threat Score: 0.0
Threat Score: 0.0
Threat Score: 0.0
Threat Score: 0.0
Threat Score: 0.0
Threat Score: 0.0
Threat Score: 0.0
Threat Score: 0.0
Threat Score: 0.0
Threat Score: 0.0
Threat Score: 0.0
Threat Score: 0.0
Threat Score: 0.0
Threat Score: 0.0
Threat Score: 0.0
Threat Score: 0.0
Threat Score: 0.0
Threat Score: 0.0
Threat Score: 0.0
Threat Score: 0.0
Threat Score: 0.0
Threat Score: 0.0
Threat Score: 0.0
Threat Score: 0.0
Threat Score: 0.0
Threat Score: 0.0
Threat Score: 0.0
Threat Score: 0.0
Threat Score: 0.0
Threat Score: 0.0
Threat Score: 0.0
Threat Score: 0.0
Threat Score: 0.0
Threat Score: 0.0
Threat Score: 0.0
Threat Score: 0.0
Threat Score: 0.0
Threat Score: 0.0
Threat Score: 0.0
Threat Score: 0.0
Threat Score: 0.0
Threat Score: 0.0
Threat Score: 0.0
Threat Score: 0.0
Threat Score: 0.0
Threat Score: 0.0
Threat Score: 0.0
Threat Score: 0.0
Threat Score: 0.0
Threat Score: 0.0
Threat Score: 0.0
Threat Score: 0.0
Threat Score: 0.0
Threat Score: 0.0
Threat Score: 0.0
Threat Score: 0.0
Threat Score: 0.0
Threat Score: 0.0
Threat Score: 0.0
Threat Score: 0.0
Threat Score: 0.0
Threat Score: 0.0
Threat Score: 0.0
Threat Score: 0.0
Threat Score: 0.0
Threat Score: 0.0
Threat Score: 0.0
Threat Score: 0.0
Threat Score: 0.0
Threat Score: 0.0
Threat Score: 0.0
Threat Score: 0.0
Threat Score: 0.0
Threat Score: 0.0
Threat Score: 0.0
Threat Score: 0.0
Threat Score: 0.0
Threat Score: 0.0
Threat Score: 0.0
Threat Score: 0.0
Threat Score: 0.0
Threat Score: 0.0
Threat Score: 0.0
Threat Score: 0.0
Threat Score: 0.0
Threat Score: 0.0
Threat Score: 0.0
Threat Score: 0.0
Threat Score: 0.0
Confusion Matrix (Post) at threshold: 0.2
Threat Score: 0.001381325302645564
tensor([[    279, 5112649],
        [      0,    7072]], device='cuda:0')
==================================================
Confusion Matrix (Prior) at threshold: 0.2
Threat Score: 0.001381325302645564
tensor([[    279, 5112649],
        [      0,    7072]], device='cuda:0')
==================================================
Confusion Matrix (Post) at threshold: 0.21000000000000002
Threat Score: 0.0013813285622745752
tensor([[    291, 5112637],
        [      0,    7072]], device='cuda:0')
==================================================
Confusion Matrix (Prior) at threshold: 0.21000000000000002
Threat Score: 0.0013813285622745752
tensor([[    291, 5112637],
        [      0,    7072]], device='cuda:0')
==================================================
Confusion Matrix (Post) at threshold: 0.22
Threat Score: 0.0013813312398269773
tensor([[    301, 5112627],
        [      0,    7072]], device='cuda:0')
==================================================
Confusion Matrix (Prior) at threshold: 0.22
Threat Score: 0.0013813312398269773
tensor([[    301, 5112627],
        [      0,    7072]], device='cuda:0')
==================================================
Confusion Matrix (Post) at threshold: 0.23
Threat Score: 0.001381334150210023
tensor([[    312, 5112616],
        [      0,    7072]], device='cuda:0')
==================================================
Confusion Matrix (Prior) at threshold: 0.23
Threat Score: 0.001381334150210023
tensor([[    312, 5112616],
        [      0,    7072]], device='cuda:0')
==================================================
Confusion Matrix (Post) at threshold: 0.24000000000000002
Threat Score: 0.0013813360128551722
tensor([[    319, 5112609],
        [      0,    7072]], device='cuda:0')
==================================================
Confusion Matrix (Prior) at threshold: 0.24000000000000002
Threat Score: 0.0013813360128551722
tensor([[    319, 5112609],
        [      0,    7072]], device='cuda:0')
==================================================
Confusion Matrix (Post) at threshold: 0.25
Threat Score: 0.0013813392724841833
tensor([[    331, 5112597],
        [      0,    7072]], device='cuda:0')
==================================================
Confusion Matrix (Prior) at threshold: 0.25
Threat Score: 0.0013813392724841833
tensor([[    331, 5112597],
        [      0,    7072]], device='cuda:0')
==================================================
Confusion Matrix (Post) at threshold: 0.26
Threat Score: 0.0013813419500365853
tensor([[    341, 5112587],
        [      0,    7072]], device='cuda:0')
==================================================
Confusion Matrix (Prior) at threshold: 0.26
Threat Score: 0.0013813419500365853
tensor([[    341, 5112587],
        [      0,    7072]], device='cuda:0')
==================================================
Confusion Matrix (Post) at threshold: 0.27
Threat Score: 0.0013813463738188148
tensor([[    357, 5112571],
        [      0,    7072]], device='cuda:0')
==================================================
Confusion Matrix (Prior) at threshold: 0.27
Threat Score: 0.0013813463738188148
tensor([[    357, 5112571],
        [      0,    7072]], device='cuda:0')
==================================================
Confusion Matrix (Post) at threshold: 0.28
Threat Score: 0.001381349517032504
tensor([[    369, 5112559],
        [      0,    7072]], device='cuda:0')
==================================================
Confusion Matrix (Prior) at threshold: 0.28
Threat Score: 0.001381349517032504
tensor([[    369, 5112559],
        [      0,    7072]], device='cuda:0')
==================================================
Confusion Matrix (Post) at threshold: 0.29000000000000004
Threat Score: 0.0013813541736453772
tensor([[    386, 5112542],
        [      0,    7072]], device='cuda:0')
==================================================
Confusion Matrix (Prior) at threshold: 0.29000000000000004
Threat Score: 0.0013813541736453772
tensor([[    386, 5112542],
        [      0,    7072]], device='cuda:0')
==================================================
Confusion Matrix (Post) at threshold: 0.30000000000000004
Threat Score: 0.0013813558034598827
tensor([[    392, 5112536],
        [      0,    7072]], device='cuda:0')
==================================================
Confusion Matrix (Prior) at threshold: 0.30000000000000004
Threat Score: 0.0013813558034598827
tensor([[    392, 5112536],
        [      0,    7072]], device='cuda:0')
==================================================
Confusion Matrix (Post) at threshold: 0.31
Threat Score: 0.0013813605764880776
tensor([[    410, 5112518],
        [      0,    7072]], device='cuda:0')
==================================================
Confusion Matrix (Prior) at threshold: 0.31
Threat Score: 0.0013813605764880776
tensor([[    410, 5112518],
        [      0,    7072]], device='cuda:0')
==================================================
Confusion Matrix (Post) at threshold: 0.32
Threat Score: 0.001381364418193698
tensor([[    424, 5112504],
        [      0,    7072]], device='cuda:0')
==================================================
Confusion Matrix (Prior) at threshold: 0.32
Threat Score: 0.001381364418193698
tensor([[    424, 5112504],
        [      0,    7072]], device='cuda:0')
==================================================
Confusion Matrix (Post) at threshold: 0.33
Threat Score: 0.001381370355375111
tensor([[    446, 5112482],
        [      0,    7072]], device='cuda:0')
==================================================
Confusion Matrix (Prior) at threshold: 0.33
Threat Score: 0.001381370355375111
tensor([[    446, 5112482],
        [      0,    7072]], device='cuda:0')
==================================================
Confusion Matrix (Post) at threshold: 0.34
Threat Score: 0.0013813746627420187
tensor([[    462, 5112466],
        [      0,    7072]], device='cuda:0')
==================================================
Confusion Matrix (Prior) at threshold: 0.34
Threat Score: 0.0013813746627420187
tensor([[    462, 5112466],
        [      0,    7072]], device='cuda:0')
==================================================
Confusion Matrix (Post) at threshold: 0.35
Threat Score: 0.0013813810655847192
tensor([[    486, 5112442],
        [      0,    7072]], device='cuda:0')
==================================================
Confusion Matrix (Prior) at threshold: 0.35
Threat Score: 0.0013813810655847192
tensor([[    486, 5112442],
        [      0,    7072]], device='cuda:0')
==================================================
Confusion Matrix (Post) at threshold: 0.36
Threat Score: 0.0013813881669193506
tensor([[    512, 5112416],
        [      0,    7072]], device='cuda:0')
==================================================
Confusion Matrix (Prior) at threshold: 0.36
Threat Score: 0.0013813881669193506
tensor([[    512, 5112416],
        [      0,    7072]], device='cuda:0')
==================================================
Confusion Matrix (Post) at threshold: 0.37
Threat Score: 0.0013814021367579699
tensor([[    564, 5112364],
        [      0,    7072]], device='cuda:0')
==================================================
Confusion Matrix (Prior) at threshold: 0.37
Threat Score: 0.0013814021367579699
tensor([[    564, 5112364],
        [      0,    7072]], device='cuda:0')
==================================================
Confusion Matrix (Post) at threshold: 0.38
Threat Score: 0.001381421578116715
tensor([[    636, 5112292],
        [      0,    7072]], device='cuda:0')
==================================================
Confusion Matrix (Prior) at threshold: 0.38
Threat Score: 0.001381421578116715
tensor([[    636, 5112292],
        [      0,    7072]], device='cuda:0')
==================================================
Confusion Matrix (Post) at threshold: 0.39
Threat Score: 0.0013814567355439067
tensor([[    766, 5112162],
        [      0,    7072]], device='cuda:0')
==================================================
Confusion Matrix (Prior) at threshold: 0.39
Threat Score: 0.0013814567355439067
tensor([[    766, 5112162],
        [      0,    7072]], device='cuda:0')
==================================================
Confusion Matrix (Post) at threshold: 0.4
Threat Score: 0.0013816056307405233
tensor([[   1318, 5111610],
        [      0,    7072]], device='cuda:0')
==================================================
Confusion Matrix (Prior) at threshold: 0.4
Threat Score: 0.0013816056307405233
tensor([[   1318, 5111610],
        [      0,    7072]], device='cuda:0')
==================================================
Confusion Matrix (Post) at threshold: 0.41000000000000003
Threat Score: 0.0
tensor([[5112674,     254],
        [   7072,       0]], device='cuda:0')
==================================================
Confusion Matrix (Prior) at threshold: 0.41000000000000003
Threat Score: 0.0
tensor([[5112674,     254],
        [   7072,       0]], device='cuda:0')
==================================================
Confusion Matrix (Post) at threshold: 0.42000000000000004
Threat Score: 0.0
tensor([[5112900,      28],
        [   7072,       0]], device='cuda:0')
==================================================
Confusion Matrix (Prior) at threshold: 0.42000000000000004
Threat Score: 0.0
tensor([[5112900,      28],
        [   7072,       0]], device='cuda:0')
==================================================
Confusion Matrix (Post) at threshold: 0.43000000000000005
Threat Score: 0.0
tensor([[5112917,      11],
        [   7072,       0]], device='cuda:0')
==================================================
Confusion Matrix (Prior) at threshold: 0.43000000000000005
Threat Score: 0.0
tensor([[5112917,      11],
        [   7072,       0]], device='cuda:0')
==================================================
Confusion Matrix (Post) at threshold: 0.44
Threat Score: 0.0
tensor([[5112923,       5],
        [   7072,       0]], device='cuda:0')
==================================================
Confusion Matrix (Prior) at threshold: 0.44
Threat Score: 0.0
tensor([[5112923,       5],
        [   7072,       0]], device='cuda:0')
==================================================
Confusion Matrix (Post) at threshold: 0.45
Threat Score: 0.0
tensor([[5112925,       3],
        [   7072,       0]], device='cuda:0')
==================================================
Confusion Matrix (Prior) at threshold: 0.45
Threat Score: 0.0
tensor([[5112925,       3],
        [   7072,       0]], device='cuda:0')
==================================================
Confusion Matrix (Post) at threshold: 0.46
Threat Score: 0.0
tensor([[5112927,       1],
        [   7072,       0]], device='cuda:0')
==================================================
Confusion Matrix (Prior) at threshold: 0.46
Threat Score: 0.0
tensor([[5112927,       1],
        [   7072,       0]], device='cuda:0')
==================================================
Confusion Matrix (Post) at threshold: 0.47000000000000003
Threat Score: 0.0
tensor([[5112927,       1],
        [   7072,       0]], device='cuda:0')
==================================================
Confusion Matrix (Prior) at threshold: 0.47000000000000003
Threat Score: 0.0
tensor([[5112927,       1],
        [   7072,       0]], device='cuda:0')
==================================================
Confusion Matrix (Post) at threshold: 0.48000000000000004
Threat Score: 0.0
tensor([[5112928,       0],
        [   7072,       0]], device='cuda:0')
==================================================
Confusion Matrix (Prior) at threshold: 0.48000000000000004
Threat Score: 0.0
tensor([[5112928,       0],
        [   7072,       0]], device='cuda:0')
==================================================
Confusion Matrix (Post) at threshold: 0.49
Threat Score: 0.0
tensor([[5112928,       0],
        [   7072,       0]], device='cuda:0')
==================================================
Confusion Matrix (Prior) at threshold: 0.49
Threat Score: 0.0
tensor([[5112928,       0],
        [   7072,       0]], device='cuda:0')
==================================================
Confusion Matrix (Post) at threshold: 0.5
Threat Score: 0.0
tensor([[5112928,       0],
        [   7072,       0]], device='cuda:0')
==================================================
Confusion Matrix (Prior) at threshold: 0.5
Threat Score: 0.0
tensor([[5112928,       0],
        [   7072,       0]], device='cuda:0')
==================================================
Confusion Matrix (Post) at threshold: 0.51
Threat Score: 0.0
tensor([[5112928,       0],
        [   7072,       0]], device='cuda:0')
==================================================
Confusion Matrix (Prior) at threshold: 0.51
Threat Score: 0.0
tensor([[5112928,       0],
        [   7072,       0]], device='cuda:0')
==================================================
Confusion Matrix (Post) at threshold: 0.52
Threat Score: 0.0
tensor([[5112928,       0],
        [   7072,       0]], device='cuda:0')
==================================================
Confusion Matrix (Prior) at threshold: 0.52
Threat Score: 0.0
tensor([[5112928,       0],
        [   7072,       0]], device='cuda:0')
==================================================
Confusion Matrix (Post) at threshold: 0.53
Threat Score: 0.0
tensor([[5112928,       0],
        [   7072,       0]], device='cuda:0')
==================================================
Confusion Matrix (Prior) at threshold: 0.53
Threat Score: 0.0
tensor([[5112928,       0],
        [   7072,       0]], device='cuda:0')
==================================================
Confusion Matrix (Post) at threshold: 0.54
Threat Score: 0.0
tensor([[5112928,       0],
        [   7072,       0]], device='cuda:0')
==================================================
Confusion Matrix (Prior) at threshold: 0.54
Threat Score: 0.0
tensor([[5112928,       0],
        [   7072,       0]], device='cuda:0')
==================================================
Confusion Matrix (Post) at threshold: 0.55
Threat Score: 0.0
tensor([[5112928,       0],
        [   7072,       0]], device='cuda:0')
==================================================
Confusion Matrix (Prior) at threshold: 0.55
Threat Score: 0.0
tensor([[5112928,       0],
        [   7072,       0]], device='cuda:0')
==================================================
Confusion Matrix (Post) at threshold: 0.56
Threat Score: 0.0
tensor([[5112928,       0],
        [   7072,       0]], device='cuda:0')
==================================================
Confusion Matrix (Prior) at threshold: 0.56
Threat Score: 0.0
tensor([[5112928,       0],
        [   7072,       0]], device='cuda:0')
==================================================
Confusion Matrix (Post) at threshold: 0.5700000000000001
Threat Score: 0.0
tensor([[5112928,       0],
        [   7072,       0]], device='cuda:0')
==================================================
Confusion Matrix (Prior) at threshold: 0.5700000000000001
Threat Score: 0.0
tensor([[5112928,       0],
        [   7072,       0]], device='cuda:0')
==================================================
Confusion Matrix (Post) at threshold: 0.5800000000000001
Threat Score: 0.0
tensor([[5112928,       0],
        [   7072,       0]], device='cuda:0')
==================================================
Confusion Matrix (Prior) at threshold: 0.5800000000000001
Threat Score: 0.0
tensor([[5112928,       0],
        [   7072,       0]], device='cuda:0')
==================================================
Confusion Matrix (Post) at threshold: 0.5900000000000001
Threat Score: 0.0
tensor([[5112928,       0],
        [   7072,       0]], device='cuda:0')
==================================================
Confusion Matrix (Prior) at threshold: 0.5900000000000001
Threat Score: 0.0
tensor([[5112928,       0],
        [   7072,       0]], device='cuda:0')
==================================================
Confusion Matrix (Post) at threshold: 0.6000000000000001
Threat Score: 0.0
tensor([[5112928,       0],
        [   7072,       0]], device='cuda:0')
==================================================
Confusion Matrix (Prior) at threshold: 0.6000000000000001
Threat Score: 0.0
tensor([[5112928,       0],
        [   7072,       0]], device='cuda:0')
==================================================
Confusion Matrix (Post) at threshold: 0.6100000000000001
Threat Score: 0.0
tensor([[5112928,       0],
        [   7072,       0]], device='cuda:0')
==================================================
Confusion Matrix (Prior) at threshold: 0.6100000000000001
Threat Score: 0.0
tensor([[5112928,       0],
        [   7072,       0]], device='cuda:0')
==================================================
Confusion Matrix (Post) at threshold: 0.62
Threat Score: 0.0
tensor([[5112928,       0],
        [   7072,       0]], device='cuda:0')
==================================================
Confusion Matrix (Prior) at threshold: 0.62
Threat Score: 0.0
tensor([[5112928,       0],
        [   7072,       0]], device='cuda:0')
==================================================
Confusion Matrix (Post) at threshold: 0.63
Threat Score: 0.0
tensor([[5112928,       0],
        [   7072,       0]], device='cuda:0')
==================================================
Confusion Matrix (Prior) at threshold: 0.63
Threat Score: 0.0
tensor([[5112928,       0],
        [   7072,       0]], device='cuda:0')
==================================================
Confusion Matrix (Post) at threshold: 0.64
Threat Score: 0.0
tensor([[5112928,       0],
        [   7072,       0]], device='cuda:0')
==================================================
Confusion Matrix (Prior) at threshold: 0.64
Threat Score: 0.0
tensor([[5112928,       0],
        [   7072,       0]], device='cuda:0')
==================================================
Confusion Matrix (Post) at threshold: 0.65
Threat Score: 0.0
tensor([[5112928,       0],
        [   7072,       0]], device='cuda:0')
==================================================
Confusion Matrix (Prior) at threshold: 0.65
Threat Score: 0.0
tensor([[5112928,       0],
        [   7072,       0]], device='cuda:0')
==================================================
Confusion Matrix (Post) at threshold: 0.66
Threat Score: 0.0
tensor([[5112928,       0],
        [   7072,       0]], device='cuda:0')
==================================================
Confusion Matrix (Prior) at threshold: 0.66
Threat Score: 0.0
tensor([[5112928,       0],
        [   7072,       0]], device='cuda:0')
==================================================
Confusion Matrix (Post) at threshold: 0.67
Threat Score: 0.0
tensor([[5112928,       0],
        [   7072,       0]], device='cuda:0')
==================================================
Confusion Matrix (Prior) at threshold: 0.67
Threat Score: 0.0
tensor([[5112928,       0],
        [   7072,       0]], device='cuda:0')
==================================================
Confusion Matrix (Post) at threshold: 0.6799999999999999
Threat Score: 0.0
tensor([[5112928,       0],
        [   7072,       0]], device='cuda:0')
==================================================
Confusion Matrix (Prior) at threshold: 0.6799999999999999
Threat Score: 0.0
tensor([[5112928,       0],
        [   7072,       0]], device='cuda:0')
==================================================
Confusion Matrix (Post) at threshold: 0.69
Threat Score: 0.0
tensor([[5112928,       0],
        [   7072,       0]], device='cuda:0')
==================================================
Confusion Matrix (Prior) at threshold: 0.69
Threat Score: 0.0
tensor([[5112928,       0],
        [   7072,       0]], device='cuda:0')
==================================================
Confusion Matrix (Post) at threshold: 0.7
Threat Score: 0.0
tensor([[5112928,       0],
        [   7072,       0]], device='cuda:0')
==================================================
Confusion Matrix (Prior) at threshold: 0.7
Threat Score: 0.0
tensor([[5112928,       0],
        [   7072,       0]], device='cuda:0')
==================================================
Confusion Matrix (Post) at threshold: 0.71
Threat Score: 0.0
tensor([[5112928,       0],
        [   7072,       0]], device='cuda:0')
==================================================
Confusion Matrix (Prior) at threshold: 0.71
Threat Score: 0.0
tensor([[5112928,       0],
        [   7072,       0]], device='cuda:0')
==================================================
Confusion Matrix (Post) at threshold: 0.72
Threat Score: 0.0
tensor([[5112928,       0],
        [   7072,       0]], device='cuda:0')
==================================================
Confusion Matrix (Prior) at threshold: 0.72
Threat Score: 0.0
tensor([[5112928,       0],
        [   7072,       0]], device='cuda:0')
==================================================
Confusion Matrix (Post) at threshold: 0.73
Threat Score: 0.0
tensor([[5112928,       0],
        [   7072,       0]], device='cuda:0')
==================================================
Confusion Matrix (Prior) at threshold: 0.73
Threat Score: 0.0
tensor([[5112928,       0],
        [   7072,       0]], device='cuda:0')
==================================================
Confusion Matrix (Post) at threshold: 0.74
Threat Score: 0.0
tensor([[5112928,       0],
        [   7072,       0]], device='cuda:0')
==================================================
Confusion Matrix (Prior) at threshold: 0.74
Threat Score: 0.0
tensor([[5112928,       0],
        [   7072,       0]], device='cuda:0')
==================================================
Confusion Matrix (Post) at threshold: 0.75
Threat Score: 0.0
tensor([[5112928,       0],
        [   7072,       0]], device='cuda:0')
==================================================
Confusion Matrix (Prior) at threshold: 0.75
Threat Score: 0.0
tensor([[5112928,       0],
        [   7072,       0]], device='cuda:0')
==================================================
Confusion Matrix (Post) at threshold: 0.76
Threat Score: 0.0
tensor([[5112928,       0],
        [   7072,       0]], device='cuda:0')
==================================================
Confusion Matrix (Prior) at threshold: 0.76
Threat Score: 0.0
tensor([[5112928,       0],
        [   7072,       0]], device='cuda:0')
==================================================
Confusion Matrix (Post) at threshold: 0.77
Threat Score: 0.0
tensor([[5112928,       0],
        [   7072,       0]], device='cuda:0')
==================================================
Confusion Matrix (Prior) at threshold: 0.77
Threat Score: 0.0
tensor([[5112928,       0],
        [   7072,       0]], device='cuda:0')
==================================================
Confusion Matrix (Post) at threshold: 0.78
Threat Score: 0.0
tensor([[5112928,       0],
        [   7072,       0]], device='cuda:0')
==================================================
Confusion Matrix (Prior) at threshold: 0.78
Threat Score: 0.0
tensor([[5112928,       0],
        [   7072,       0]], device='cuda:0')
==================================================
Confusion Matrix (Post) at threshold: 0.79
Threat Score: 0.0
tensor([[5112928,       0],
        [   7072,       0]], device='cuda:0')
==================================================
Confusion Matrix (Prior) at threshold: 0.79
Threat Score: 0.0
tensor([[5112928,       0],
        [   7072,       0]], device='cuda:0')
==================================================
====================================================================================================
====================================================================================================
Threat Score: 0.0
Threat Score: 0.0
Threat Score: 0.0
Threat Score: 0.0
Threat Score: 0.0
Threat Score: 0.0
Threat Score: 0.0
Threat Score: 0.0
Threat Score: 0.0
Threat Score: 0.0
Threat Score: 0.0
Threat Score: 0.0
Threat Score: 0.0
Threat Score: 0.0
Threat Score: 0.0
Threat Score: 0.0
Threat Score: 0.0
Threat Score: 0.0
Threat Score: 0.0
Threat Score: 0.0
Threat Score: 0.0
Threat Score: 0.0
Threat Score: 0.0
Threat Score: 0.0
Threat Score: 0.0
Threat Score: 0.0
Threat Score: 0.0
Threat Score: 0.0
Threat Score: 0.0
Threat Score: 0.0
Threat Score: 0.0
Threat Score: 0.0
Threat Score: 0.0
Threat Score: 0.0
Threat Score: 0.0
Threat Score: 0.0
Threat Score: 0.0
Threat Score: 0.0
Threat Score: 0.0
Threat Score: 0.0
Threat Score: 0.0
Threat Score: 0.0
Threat Score: 0.0
Threat Score: 0.0
Threat Score: 0.0
Threat Score: 0.0
Threat Score: 0.0
Threat Score: 0.0
Threat Score: 0.0
Threat Score: 0.0
Threat Score: 0.0
Threat Score: 0.0
Threat Score: 0.0
Threat Score: 0.0
Threat Score: 0.0
Threat Score: 0.0
Threat Score: 0.0
Threat Score: 0.0
Threat Score: 0.0
Threat Score: 0.0
Threat Score: 0.0
Threat Score: 0.0
Threat Score: 0.0
Threat Score: 0.0
Threat Score: 0.0
Threat Score: 0.0
Threat Score: 0.0
Threat Score: 0.0
Threat Score: 0.0
Threat Score: 0.0
Threat Score: 0.0
Threat Score: 0.0
Threat Score: 0.0
Threat Score: 0.0
Threat Score: 0.0
Threat Score: 0.0
Threat Score: 0.0
Threat Score: 0.0
Threat Score: 0.0
Threat Score: 0.0
Threat Score: 0.0
Threat Score: 0.0
Threat Score: 0.0
Threat Score: 0.0
Threat Score: 0.0
Threat Score: 0.0
Threat Score: 0.0
Threat Score: 0.0
Threat Score: 0.0
Updating best model
Confusion matrix
 tensor([[9.6635e+08, 5.4000e+01],
        [1.3289e+06, 0.0000e+00]], device='cuda:0')
Class 0
TP 966351040.0, TN 0.0, FP 1328948.0, FN 54.0
Class 1
TP 0.0, TN 966351040.0, FP 54.0, FN 1328948.0

Test set: Average loss: 506789514.2500, 
        Accuracy (Post): 966350998/967680000 (100%) ,
        Accuracy (Prior): 966350998/967680000 (100%) ,
        Road: TP [9.6635104e+08 0.0000000e+00] , 
        TN [0.0000000e+00 9.6635104e+08]
        FP [1.328948e+06 5.400000e+01]
        FN [5.400000e+01 1.328948e+06]
====> Posterior Test set loss: 335178.2502
====> Prior Test set loss: 335178.2505
