====> Epoch: 0 Average loss: -0.000941269
Channel:0
Threat Score: 0.008010086603462696
Channel:0
Threat Score: 0.00021114121773280203
Channel:0
Threat Score: 0.0
Channel:0
Threat Score: 0.0
Channel:0
Threat Score: 0.0018527095671743155
Channel:0
Threat Score: 0.0
Channel:0
Threat Score: 0.001924883690662682
Channel:0
Threat Score: 0.0011304444633424282
Channel:0
Threat Score: 0.01466610562056303
Channel:0
Threat Score: 0.0
Channel:0
Threat Score: 0.004727995954453945
Channel:0
Threat Score: 0.0050239781849086285
Channel:0
Threat Score: 0.003754289820790291
Channel:0
Threat Score: 0.03107907809317112
Channel:0
Threat Score: 0.0009762865374796093
Channel:0
Threat Score: 0.0
Channel:0
Threat Score: 0.005854647606611252
Channel:0
Threat Score: 6.201678479555994e-05
Channel:0
Threat Score: 3.4298256650799885e-05
Channel:0
Threat Score: 0.00857972539961338
Channel:0
Threat Score: 0.019729696214199066
Channel:0
Threat Score: 0.0
Channel:0
Threat Score: 0.002864037873223424
Channel:0
Threat Score: 0.0
Channel:0
Threat Score: 0.003154866863042116
Channel:0
Threat Score: 0.0
Channel:0
Threat Score: 0.012421679683029652
Channel:0
Threat Score: 0.000594614481087774
Channel:0
Threat Score: 0.0
Channel:0
Threat Score: 0.0
Channel:0
Threat Score: 0.0
Channel:0
Threat Score: 0.0007833613781258464
Channel:0
Threat Score: 0.0027987917419523
Channel:0
Threat Score: 0.0
Channel:0
Threat Score: 0.0
Channel:0
Threat Score: 0.002749023726209998
Channel:0
Threat Score: 0.004895314108580351
Channel:0
Threat Score: 0.0
Channel:0
Threat Score: 0.0
Channel:0
Threat Score: 0.006634620483964682
Channel:0
Threat Score: 0.0
Channel:0
Threat Score: 0.012154210358858109
Channel:0
Threat Score: 0.0008315593586303294
Channel:0
Threat Score: 0.0
Channel:0
Threat Score: 0.0
Channel:0
Threat Score: 0.021064966917037964
Channel:0
Threat Score: 0.000846690614707768
Channel:0
Threat Score: 0.01905703917145729
Channel:0
Threat Score: 0.02954515442252159
Channel:0
Threat Score: 0.01711711660027504
Channel:0
Threat Score: 0.00014014237967785448
Channel:0
Threat Score: 0.014996974729001522
Channel:0
Threat Score: 0.00026458525098860264
Channel:0
Threat Score: 2.6564657673588954e-05
Channel:0
Threat Score: 0.007347379811108112
Channel:0
Threat Score: 0.00018091688980348408
Channel:0
Threat Score: 0.007103790994733572
Channel:0
Threat Score: 0.0
Channel:0
Threat Score: 0.009153731167316437
Channel:0
Threat Score: 0.009881114587187767
Channel:0
Threat Score: 0.005005525425076485
Channel:0
Threat Score: 0.013388395309448242
Channel:0
Threat Score: 0.0
Channel:0
Threat Score: 0.0
Channel:0
Threat Score: 0.0015198364853858948
Channel:0
Threat Score: 9.253261669073254e-05
Channel:0
Threat Score: 0.004997757263481617
Channel:0
Threat Score: 0.010706149972975254
Channel:0
Threat Score: 0.004984443541616201
Channel:0
Threat Score: 0.0
Channel:0
Threat Score: 0.022664424031972885
Channel:0
Threat Score: 0.006917254067957401
Channel:0
Threat Score: 0.006292060948908329
Channel:0
Threat Score: 0.0
Channel:0
Threat Score: 0.0
Channel:0
Threat Score: 0.0
Channel:0
Threat Score: 0.008047986775636673
Channel:0
Threat Score: 0.002355065429583192
Channel:0
Threat Score: 0.0
Channel:0
Threat Score: 0.003053337335586548
Channel:0
Threat Score: 0.004761307965964079
Channel:0
Threat Score: 0.0
Channel:0
Threat Score: 0.05669389292597771
Channel:0
Threat Score: 0.0
Channel:0
Threat Score: 0.0
Channel:0
Threat Score: 0.0
Channel:0
Threat Score: 0.0
Channel:0
Threat Score: 0.012381128035485744
Channel:0
Threat Score: 0.0022868732921779156
Channel:0
Threat Score: 0.003641363000497222
Channel:0
Threat Score: 0.0
Channel:0
Threat Score: 0.012692863121628761
Channel:0
Threat Score: 0.0
Channel:0
Threat Score: 0.01737990602850914
Channel:0
Threat Score: 0.0
Channel:0
Threat Score: 0.009006781503558159
Channel:0
Threat Score: 0.005793973337858915
Channel:0
Threat Score: 0.0
Channel:0
Threat Score: 0.000251060031587258
Channel:0
Threat Score: 0.00235711969435215
Channel:0
Threat Score: 0.007739890832453966
Channel:0
Threat Score: 0.009171051904559135
Channel:0
Threat Score: 0.01706720143556595
Channel:0
Threat Score: 0.0
Channel:0
Threat Score: 0.00013892748393118382
Channel:0
Threat Score: 0.0
Channel:0
Threat Score: 0.0
Channel:0
Threat Score: 0.0128774493932724
Channel:0
Threat Score: 0.01684003882110119
Channel:0
Threat Score: 0.0018892923835664988
Channel:0
Threat Score: 0.011663738638162613
Channel:0
Threat Score: 0.0005050097242929041
Channel:0
Threat Score: 0.013223315589129925
Channel:0
Threat Score: 0.0
Channel:0
Threat Score: 0.0061025782488286495
Channel:0
Threat Score: 0.007565218955278397
Channel:0
Threat Score: 0.000650209141895175
Channel:0
Threat Score: 0.0
Channel:0
Threat Score: 0.00463411258533597
Channel:0
Threat Score: 0.00913405604660511
Channel:0
Threat Score: 0.0
Channel:0
Threat Score: 0.00994028802961111
Channel:0
Threat Score: 0.006365686189383268
Channel:0
Threat Score: 0.0
Channel:0
Threat Score: 0.002288840478286147
Channel:0
Threat Score: 0.0
Channel:0
Threat Score: 0.0
Channel:0
Threat Score: 0.0
Channel:0
Threat Score: 0.010823468677699566
Channel:0
Threat Score: 0.0
Channel:0
Threat Score: 0.003599580843001604
Channel:0
Threat Score: 0.0050607286393642426
Channel:0
Threat Score: 0.001942218979820609
Channel:0
Threat Score: 0.01519664004445076
Channel:0
Threat Score: 0.00662173330783844
Channel:0
Threat Score: 0.0
Channel:0
Threat Score: 0.0
Channel:0
Threat Score: 0.03347949683666229
Channel:0
Threat Score: 0.0016205788124352694
Channel:0
Threat Score: 0.008859912864863873
Channel:0
Threat Score: 0.002064409665763378
Channel:0
Threat Score: 0.0
Channel:0
Threat Score: 0.023073500022292137
Channel:0
Threat Score: 0.0
Channel:0
Threat Score: 0.0001576044160174206
Channel:0
Threat Score: 0.019521944224834442
Channel:0
Threat Score: 0.0
Channel:0
Threat Score: 0.0
Channel:0
Threat Score: 0.0076882503926754
Channel:0
Threat Score: 0.0
Channel:0
Threat Score: 0.006895796861499548
Channel:0
Threat Score: 0.0
Channel:0
Threat Score: 0.000423897203290835
Channel:0
Threat Score: 0.0
Channel:0
Threat Score: 0.010484824888408184
Channel:0
Threat Score: 0.0
Channel:0
Threat Score: 0.0
Channel:0
Threat Score: 0.0
Updating best model
Confusion matrix
 tensor([[3.9666e+08, 5.9762e+06],
        [5.2861e+05, 3.3523e+04]], device='cuda:0')
Class 0
TP 396661632.0, TN 33523.0, FP 528613.0, FN 5976193.0
Class 1
TP 33523.0, TN 396661632.0, FP 5976193.0, FN 528613.0

Test set: Average loss: -0.622708195, 
        Accuracy BB: 396695194/403200000 (98.386704861%) ,
        BB: 
        TP 33523.0 
        TN 396661632.0
        FP 5976193.0
        FN 528613.0
        Threat Score 0.0051271509891900515
====> Test set loss: -0.000988426
====> Epoch: 1 Average loss: -0.001355850
Channel:0
Threat Score: 0.001966500421985984
Channel:0
Threat Score: 0.0
Channel:0
Threat Score: 0.01886938139796257
Channel:0
Threat Score: 0.0
Channel:0
Threat Score: 0.012648729607462883
Channel:0
Threat Score: 0.0
Channel:0
Threat Score: 0.00742885610088706
Channel:0
Threat Score: 0.02260694094002247
Channel:0
Threat Score: 0.0
Channel:0
Threat Score: 0.0036547265481203794
Channel:0
Threat Score: 0.0020127578172832727
Channel:0
Threat Score: 0.0
Channel:0
Threat Score: 0.004092388786375523
Channel:0
Threat Score: 0.008909579366445541
Channel:0
Threat Score: 0.016221944242715836
Channel:0
Threat Score: 0.006760611664503813
Channel:0
Threat Score: 0.0
Channel:0
Threat Score: 0.0105647724121809
Channel:0
Threat Score: 0.0
Channel:0
Threat Score: 0.0
Channel:0
Threat Score: 0.0
Channel:0
Threat Score: 0.027754981070756912
Channel:0
Threat Score: 0.00026371306739747524
Channel:0
Threat Score: 0.004513625055551529
Channel:0
Threat Score: 0.0001872149296104908
Channel:0
Threat Score: 0.013352620415389538
Channel:0
Threat Score: 0.0009476427221670747
Channel:0
Threat Score: 0.0018066010670736432
Channel:0
Threat Score: 0.0
Channel:0
Threat Score: 0.0
Channel:0
Threat Score: 0.0
Channel:0
Threat Score: 0.013913805596530437
Channel:0
Threat Score: 0.0158068984746933
Channel:0
Threat Score: 0.00348909804597497
Channel:0
Threat Score: 0.012789405882358551
Channel:0
Threat Score: 0.013151283375918865
Channel:0
Threat Score: 0.002032375428825617
Channel:0
Threat Score: 0.0
Channel:0
Threat Score: 0.0
Channel:0
Threat Score: 0.012646535411477089
Channel:0
Threat Score: 0.015070328488945961
Channel:0
Threat Score: 0.0
Channel:0
Threat Score: 0.0
Channel:0
Threat Score: 0.0008325554663315415
Channel:0
Threat Score: 0.006764608435332775
Channel:0
Threat Score: 0.0025079890619963408
Channel:0
Threat Score: 0.007167854346334934
Channel:0
Threat Score: 0.0
Channel:0
Threat Score: 0.001708409865386784
Channel:0
Threat Score: 0.0008294094586744905
Channel:0
Threat Score: 0.018416550010442734
Channel:0
Threat Score: 0.018644919618964195
Channel:0
Threat Score: 0.010324298404157162
Channel:0
Threat Score: 2.9808925319230184e-05
Channel:0
Threat Score: 0.0034811904188245535
Channel:0
Threat Score: 0.020401345565915108
Channel:0
Threat Score: 0.004324581008404493
Channel:0
Threat Score: 0.0
Channel:0
Threat Score: 0.006182187702506781
Channel:0
Threat Score: 0.020322714000940323
Channel:0
Threat Score: 0.01054590567946434
Channel:0
Threat Score: 0.016163896769285202
Channel:0
Threat Score: 0.0
Channel:0
Threat Score: 0.004092818591743708
Channel:0
Threat Score: 0.00911135133355856
Channel:0
Threat Score: 0.0
Channel:0
Threat Score: 0.008331269957125187
Channel:0
Threat Score: 0.004530401434749365
Channel:0
Threat Score: 0.009463191032409668
Channel:0
Threat Score: 0.002271703677251935
Channel:0
Threat Score: 0.0009782438864931464
Channel:0
Threat Score: 0.02050914242863655
Channel:0
Threat Score: 0.012366692535579205
Channel:0
Threat Score: 0.0068897283636033535
Channel:0
Threat Score: 0.0
Channel:0
Threat Score: 0.008901668712496758
Channel:0
Threat Score: 0.00695980666205287
Channel:0
Threat Score: 0.0
Channel:0
Threat Score: 0.0
Channel:0
Threat Score: 0.005926433019340038
Channel:0
Threat Score: 0.0
Channel:0
Threat Score: 0.0
Channel:0
Threat Score: 0.0
Channel:0
Threat Score: 0.0
Channel:0
Threat Score: 0.0
Channel:0
Threat Score: 0.005413956940174103
Channel:0
Threat Score: 0.004849965684115887
Channel:0
Threat Score: 0.0
Channel:0
Threat Score: 0.010225782170891762
Channel:0
Threat Score: 0.011400891467928886
Channel:0
Threat Score: 0.0011126664467155933
Channel:0
Threat Score: 0.007435203995555639
Channel:0
Threat Score: 0.001316008623689413
Channel:0
Threat Score: 0.0005583348101936281
Channel:0
Threat Score: 0.007592581678181887
Channel:0
Threat Score: 0.0038792414125055075
Channel:0
Threat Score: 0.005613149609416723
Channel:0
Threat Score: 0.01058136485517025
Channel:0
Threat Score: 0.010734315030276775
Channel:0
Threat Score: 0.006404840387403965
Channel:0
Threat Score: 0.0038243718445301056
Channel:0
Threat Score: 0.022265292704105377
Channel:0
Threat Score: 0.012894805520772934
Channel:0
Threat Score: 0.0042631300166249275
Channel:0
Threat Score: 0.0
Channel:0
Threat Score: 0.0
Channel:0
Threat Score: 0.005093017127364874
Channel:0
Threat Score: 0.004353591240942478
Channel:0
Threat Score: 0.0007367270300164819
Channel:0
Threat Score: 0.0
Channel:0
Threat Score: 0.0016136080957949162
Channel:0
Threat Score: 0.0
Channel:0
Threat Score: 0.0
Channel:0
Threat Score: 0.002210844773799181
Channel:0
Threat Score: 0.0
Channel:0
Threat Score: 0.0030108254868537188
Channel:0
Threat Score: 0.0
Channel:0
Threat Score: 0.0008856173371896148
Channel:0
Threat Score: 0.0031830649822950363
Channel:0
Threat Score: 0.01949562504887581
Channel:0
Threat Score: 0.016157200559973717
Channel:0
Threat Score: 0.003320405725389719
Channel:0
Threat Score: 0.0028133844025433064
Channel:0
Threat Score: 0.0007958724163472652
Channel:0
Threat Score: 0.0
Channel:0
Threat Score: 0.0
Channel:0
Threat Score: 0.016876397654414177
Channel:0
Threat Score: 0.004875808022916317
Channel:0
Threat Score: 0.016899283975362778
Channel:0
Threat Score: 0.0016370716039091349
Channel:0
Threat Score: 0.0014086251612752676
Channel:0
Threat Score: 0.00022974562307354063
Channel:0
Threat Score: 0.0
Channel:0
Threat Score: 0.0
Channel:0
Threat Score: 0.011954529210925102
Channel:0
Threat Score: 0.005533656571060419
Channel:0
Threat Score: 0.004839576780796051
Channel:0
Threat Score: 0.01553704496473074
Channel:0
Threat Score: 0.018255991861224174
Channel:0
Threat Score: 0.0
Channel:0
Threat Score: 5.696707376046106e-05
Channel:0
Threat Score: 0.0
Channel:0
Threat Score: 3.880732037941925e-05
Channel:0
Threat Score: 0.007486039772629738
Channel:0
Threat Score: 0.007390514947474003
Channel:0
Threat Score: 0.025086160749197006
Channel:0
Threat Score: 0.0
Channel:0
Threat Score: 0.01582282967865467
Channel:0
Threat Score: 0.0009150544065050781
Channel:0
Threat Score: 0.0
Channel:0
Threat Score: 0.0
Channel:0
Threat Score: 0.0
Channel:0
Threat Score: 0.00023662416788283736
Channel:0
Threat Score: 0.002196305198594928
Channel:0
Threat Score: 0.0
Channel:0
Threat Score: 0.00018234200251754373
Channel:0
Threat Score: 0.009947970509529114
Channel:0
Threat Score: 0.0
Updating best model
Confusion matrix
 tensor([[3.9316e+08, 9.4820e+06],
        [5.1310e+05, 4.9038e+04]], device='cuda:0')
Class 0
TP 393155904.0, TN 49038.0, FP 513098.0, FN 9482004.0
Class 1
TP 49038.0, TN 393155904.0, FP 9482004.0, FN 513098.0

Test set: Average loss: -0.818689349, 
        Accuracy BB: 393204898/403200000 (97.521056052%) ,
        BB: 
        TP 49038.0 
        TN 393155904.0
        FP 9482004.0
        FN 513098.0
        Threat Score 0.004882249749605242
====> Test set loss: -0.001299507
====> Epoch: 2 Average loss: -0.001394823
Channel:0
Threat Score: 0.0014514373615384102
Channel:0
Threat Score: 0.016413183882832527
Channel:0
Threat Score: 0.01047094352543354
Channel:0
Threat Score: 0.0
Channel:0
Threat Score: 0.00611288845539093
Channel:0
Threat Score: 0.0
Channel:0
Threat Score: 0.0
Channel:0
Threat Score: 0.0
Channel:0
Threat Score: 0.0
Channel:0
Threat Score: 0.009474223479628563
Channel:0
Threat Score: 0.0
Channel:0
Threat Score: 0.011711245402693748
Channel:0
Threat Score: 0.024681461974978447
Channel:0
Threat Score: 0.0
Channel:0
Threat Score: 0.01038090605288744
Channel:0
Threat Score: 0.0
Channel:0
Threat Score: 0.016759267076849937
Channel:0
Threat Score: 4.269672353984788e-05
Channel:0
Threat Score: 0.016603315249085426
Channel:0
Threat Score: 0.003863987745717168
Channel:0
Threat Score: 0.0
Channel:0
Threat Score: 0.0059321606531739235
Channel:0
Threat Score: 0.019553249701857567
Channel:0
Threat Score: 0.0
Channel:0
Threat Score: 0.017372360453009605
Channel:0
Threat Score: 0.026416921988129616
Channel:0
Threat Score: 0.013783453963696957
Channel:0
Threat Score: 0.011574667878448963
Channel:0
Threat Score: 0.0032825120724737644
Channel:0
Threat Score: 0.0
Channel:0
Threat Score: 0.0197566207498312
Channel:0
Threat Score: 0.0
Channel:0
Threat Score: 5.724754009861499e-05
Channel:0
Threat Score: 0.04653763025999069
Channel:0
Threat Score: 0.0
Channel:0
Threat Score: 0.06979262083768845
Channel:0
Threat Score: 0.0005031193140894175
Channel:0
Threat Score: 0.003924703691154718
Channel:0
Threat Score: 0.0
Channel:0
Threat Score: 0.017002636566758156
Channel:0
Threat Score: 0.0
Channel:0
Threat Score: 0.0
Channel:0
Threat Score: 0.0030340582598000765
Channel:0
Threat Score: 0.0
Channel:0
Threat Score: 0.0
Channel:0
Threat Score: 0.0
Channel:0
Threat Score: 4.121247184230015e-05
Channel:0
Threat Score: 0.004371678456664085
Channel:0
Threat Score: 0.0
Channel:0
Threat Score: 0.009748843498528004
Channel:0
Threat Score: 0.0
Channel:0
Threat Score: 0.025514155626296997
Channel:0
Threat Score: 3.7049387174192816e-05
Channel:0
Threat Score: 2.754517481662333e-05
Channel:0
Threat Score: 0.01808474026620388
Channel:0
Threat Score: 0.013990410603582859
Channel:0
Threat Score: 0.01266166940331459
Channel:0
Threat Score: 0.0
Channel:0
Threat Score: 0.0001169761671917513
Channel:0
Threat Score: 0.011085393838584423
Channel:0
Threat Score: 0.0
Channel:0
Threat Score: 0.0
Channel:0
Threat Score: 0.0
Channel:0
Threat Score: 0.03221498057246208
Channel:0
Threat Score: 0.03418710082769394
Channel:0
Threat Score: 0.0020204854663461447
Channel:0
Threat Score: 0.0
Channel:0
Threat Score: 0.03415580093860626
Channel:0
Threat Score: 0.0
Channel:0
Threat Score: 0.00030060121207498014
Channel:0
Threat Score: 0.015074033290147781
Channel:0
Threat Score: 0.02387622371315956
Channel:0
Threat Score: 0.0
Channel:0
Threat Score: 0.030319299548864365
Channel:0
Threat Score: 0.027448508888483047
Channel:0
Threat Score: 0.0
Channel:0
Threat Score: 0.03695991635322571
Channel:0
Threat Score: 0.008384749293327332
Channel:0
Threat Score: 0.022095877677202225
Channel:0
Threat Score: 0.03608962893486023
Channel:0
Threat Score: 0.0005846029962413013
Channel:0
Threat Score: 0.009002314880490303
Channel:0
Threat Score: 0.0
Channel:0
Threat Score: 0.0
Channel:0
Threat Score: 0.0
Channel:0
Threat Score: 0.0048223636113107204
Channel:0
Threat Score: 0.0
Channel:0
Threat Score: 0.0
Channel:0
Threat Score: 0.0
Channel:0
Threat Score: 0.040558286011219025
Channel:0
Threat Score: 0.0
Channel:0
Threat Score: 0.0
Channel:0
Threat Score: 0.044811710715293884
Channel:0
Threat Score: 0.058888714760541916
Channel:0
Threat Score: 0.0
Channel:0
Threat Score: 0.0
Channel:0
Threat Score: 0.01847219467163086
Channel:0
Threat Score: 0.0
Channel:0
Threat Score: 6.277266948018223e-05
Channel:0
Threat Score: 0.026811210438609123
Channel:0
Threat Score: 0.0
Channel:0
Threat Score: 0.018845228478312492
Channel:0
Threat Score: 0.0
Channel:0
Threat Score: 0.0
Channel:0
Threat Score: 0.0
Channel:0
Threat Score: 0.0
Channel:0
Threat Score: 0.0
Channel:0
Threat Score: 0.01637132652103901
Channel:0
Threat Score: 0.0
Channel:0
Threat Score: 0.0
Channel:0
Threat Score: 0.0016290834173560143
Channel:0
Threat Score: 0.0
Channel:0
Threat Score: 0.0
Channel:0
Threat Score: 0.004890439100563526
Channel:0
Threat Score: 0.0003462603781372309
Channel:0
Threat Score: 0.03119230456650257
Channel:0
Threat Score: 0.00545332208275795
Channel:0
Threat Score: 0.001840745797380805
Channel:0
Threat Score: 0.0
Channel:0
Threat Score: 0.003246753243729472
Channel:0
Threat Score: 0.02755565196275711
Channel:0
Threat Score: 0.0011804052628576756
Channel:0
Threat Score: 0.0
Channel:0
Threat Score: 0.00601383438333869
Channel:0
Threat Score: 0.0
Channel:0
Threat Score: 0.0
Channel:0
Threat Score: 0.0
Channel:0
Threat Score: 0.0
Channel:0
Threat Score: 0.0
Channel:0
Threat Score: 0.0
Channel:0
Threat Score: 0.010350845754146576
Channel:0
Threat Score: 0.0
Channel:0
Threat Score: 0.015438811853528023
Channel:0
Threat Score: 0.0
Channel:0
Threat Score: 0.0261054877191782
Channel:0
Threat Score: 0.0009761176770552993
Channel:0
Threat Score: 0.0
Channel:0
Threat Score: 0.0286721121519804
Channel:0
Threat Score: 0.0
Channel:0
Threat Score: 0.0365101620554924
Channel:0
Threat Score: 0.0
Channel:0
Threat Score: 0.0
Channel:0
Threat Score: 0.0
Channel:0
Threat Score: 0.02570246160030365
Channel:0
Threat Score: 0.03210842236876488
Channel:0
Threat Score: 0.029610829427838326
Channel:0
Threat Score: 0.012976747006177902
Channel:0
Threat Score: 0.0
Channel:0
Threat Score: 0.0
Channel:0
Threat Score: 0.0
Channel:0
Threat Score: 0.043922845274209976
Channel:0
Threat Score: 0.003943177871406078
Channel:0
Threat Score: 0.031042465940117836
Channel:0
Threat Score: 0.0
Channel:0
Threat Score: 0.00614594342187047
Channel:0
Threat Score: 0.01188956294208765
Channel:0
Threat Score: 0.012237942777574062
Channel:0
Threat Score: 0.0
Updating best model
Confusion matrix
 tensor([[3.9896e+08, 3.6787e+06],
        [5.2467e+05, 3.7467e+04]], device='cuda:0')
Class 0
TP 398959200.0, TN 37467.0, FP 524669.0, FN 3678711.0
Class 1
TP 37467.0, TN 398959200.0, FP 3678711.0, FN 524669.0

Test set: Average loss: -1.383642300, 
        Accuracy BB: 398996620/403200000 (98.957495040%) ,
        BB: 
        TP 37467.0 
        TN 398959200.0
        FP 3678711.0
        FN 524669.0
        Threat Score 0.00883479172910506
====> Test set loss: -0.002196258
====> Epoch: 3 Average loss: -0.001500853
Channel:0
Threat Score: 0.006056188140064478
Channel:0
Threat Score: 0.013499399647116661
Channel:0
Threat Score: 0.016872551292181015
Channel:0
Threat Score: 0.009512148797512054
Channel:0
Threat Score: 0.02312711998820305
Channel:0
Threat Score: 0.012315857224166393
Channel:0
Threat Score: 0.009061573073267937
Channel:0
Threat Score: 0.012632475234568119
Channel:0
Threat Score: 0.012319670990109444
Channel:0
Threat Score: 0.001510361093096435
Channel:0
Threat Score: 0.0017500874819234014
Channel:0
Threat Score: 0.030861306935548782
Channel:0
Threat Score: 0.0
Channel:0
Threat Score: 0.01107240840792656
Channel:0
Threat Score: 0.0
Channel:0
Threat Score: 0.009932640939950943
Channel:0
Threat Score: 0.0
Channel:0
Threat Score: 0.00254439446143806
Channel:0
Threat Score: 0.0
Channel:0
Threat Score: 0.013731205835938454
Channel:0
Threat Score: 0.003587751416489482
Channel:0
Threat Score: 0.014072088524699211
Channel:0
Threat Score: 0.0019155729096382856
Channel:0
Threat Score: 3.979941175202839e-05
Channel:0
Threat Score: 0.002220812253654003
Channel:0
Threat Score: 0.0
Channel:0
Threat Score: 0.0
Channel:0
Threat Score: 0.01874385215342045
Channel:0
Threat Score: 0.009612996131181717
Channel:0
Threat Score: 0.0
Channel:0
Threat Score: 0.0
Channel:0
Threat Score: 0.0
Channel:0
Threat Score: 0.021725354716181755
Channel:0
Threat Score: 0.0
Channel:0
Threat Score: 0.02067657746374607
Channel:0
Threat Score: 0.021939724683761597
Channel:0
Threat Score: 0.0
Channel:0
Threat Score: 0.0
Channel:0
Threat Score: 0.009657956659793854
Channel:0
Threat Score: 0.0
Channel:0
Threat Score: 0.013616884127259254
Channel:0
Threat Score: 0.010467678308486938
Channel:0
Threat Score: 0.0
Channel:0
Threat Score: 0.006256078835576773
Channel:0
Threat Score: 0.010940230451524258
Channel:0
Threat Score: 0.0
Channel:0
Threat Score: 0.00938570685684681
Channel:0
Threat Score: 0.0
Channel:0
Threat Score: 0.0068897404707968235
Channel:0
Threat Score: 0.009287239983677864
Channel:0
Threat Score: 0.0
Channel:0
Threat Score: 0.0
Channel:0
Threat Score: 0.016153672710061073
Channel:0
Threat Score: 0.007397669367492199
Channel:0
Threat Score: 0.0
Channel:0
Threat Score: 0.00011815210018539801
Channel:0
Threat Score: 0.0
Channel:0
Threat Score: 0.0
Channel:0
Threat Score: 0.003633026033639908
Channel:0
Threat Score: 0.0
Channel:0
Threat Score: 5.435373532236554e-05
Channel:0
Threat Score: 0.0
Channel:0
Threat Score: 0.0
Channel:0
Threat Score: 0.014345093630254269
Channel:0
Threat Score: 0.005087395664304495
Channel:0
Threat Score: 0.0026099581737071276
Channel:0
Threat Score: 0.0
Channel:0
Threat Score: 0.02740655094385147
Channel:0
Threat Score: 0.011075295507907867
Channel:0
Threat Score: 0.0
Channel:0
Threat Score: 0.00018013149383477867
Channel:0
Threat Score: 0.025963343679904938
Channel:0
Threat Score: 0.017663301900029182
Channel:0
Threat Score: 0.0001889168779598549
Channel:0
Threat Score: 0.0013985579134896398
Channel:0
Threat Score: 0.0
Channel:0
Threat Score: 0.0
Channel:0
Threat Score: 0.0
Channel:0
Threat Score: 0.0
Channel:0
Threat Score: 0.0
Channel:0
Threat Score: 0.0
Channel:0
Threat Score: 0.015108276158571243
Channel:0
Threat Score: 0.017634954303503036
Channel:0
Threat Score: 0.0
Channel:0
Threat Score: 8.698677993379533e-05
Channel:0
Threat Score: 4.0160641219699755e-05
Channel:0
Threat Score: 0.0
Channel:0
Threat Score: 0.0
Channel:0
Threat Score: 0.013418574817478657
Channel:0
Threat Score: 0.01512379851192236
Channel:0
Threat Score: 0.0007717572734691203
Channel:0
Threat Score: 0.0037278891541063786
Channel:0
Threat Score: 0.0
Channel:0
Threat Score: 0.017107458785176277
Channel:0
Threat Score: 0.0024851206690073013
Channel:0
Threat Score: 0.005484637338668108
Channel:0
Threat Score: 6.151385605335236e-05
Channel:0
Threat Score: 0.002617135876789689
Channel:0
Threat Score: 0.0008622315363027155
Channel:0
Threat Score: 0.024317597970366478
Channel:0
Threat Score: 0.0
Channel:0
Threat Score: 0.010051736608147621
Channel:0
Threat Score: 0.011632345616817474
Channel:0
Threat Score: 0.015904398635029793
Channel:0
Threat Score: 0.02663956768810749
Channel:0
Threat Score: 0.009966934099793434
Channel:0
Threat Score: 0.00700486870482564
Channel:0
Threat Score: 0.0
Channel:0
Threat Score: 0.0
Channel:0
Threat Score: 0.0017856365302577615
Channel:0
Threat Score: 0.0
Channel:0
Threat Score: 0.0
Channel:0
Threat Score: 0.012100632302463055
Channel:0
Threat Score: 0.010384637862443924
Channel:0
Threat Score: 0.01598346047103405
Channel:0
Threat Score: 0.004523649346083403
Channel:0
Threat Score: 0.02328667603433132
Channel:0
Threat Score: 5.7655164710013196e-05
Channel:0
Threat Score: 0.008027126081287861
Channel:0
Threat Score: 0.003972360398620367
Channel:0
Threat Score: 0.0
Channel:0
Threat Score: 0.003301419550552964
Channel:0
Threat Score: 0.011984162032604218
Channel:0
Threat Score: 0.028113020583987236
Channel:0
Threat Score: 0.000360685313353315
Channel:0
Threat Score: 0.01781396195292473
Channel:0
Threat Score: 0.024031834676861763
Channel:0
Threat Score: 0.0035488097928464413
Channel:0
Threat Score: 0.004385159816592932
Channel:0
Threat Score: 0.022317908704280853
Channel:0
Threat Score: 0.03319897875189781
Channel:0
Threat Score: 0.03534233942627907
Channel:0
Threat Score: 0.014834422618150711
Channel:0
Threat Score: 0.012546109966933727
Channel:0
Threat Score: 0.014862818643450737
Channel:0
Threat Score: 0.0
Channel:0
Threat Score: 0.02178308740258217
Channel:0
Threat Score: 0.0001970346347661689
Channel:0
Threat Score: 0.029096907004714012
Channel:0
Threat Score: 0.005957873072475195
Channel:0
Threat Score: 0.000588598835747689
Channel:0
Threat Score: 0.0
Channel:0
Threat Score: 0.0
Channel:0
Threat Score: 0.025268083438277245
Channel:0
Threat Score: 0.0
Channel:0
Threat Score: 0.0
Channel:0
Threat Score: 0.0187440887093544
Channel:0
Threat Score: 0.0
Channel:0
Threat Score: 0.02960915118455887
Channel:0
Threat Score: 0.013383033685386181
Channel:0
Threat Score: 0.031912583857774734
Channel:0
Threat Score: 0.01119818352162838
Channel:0
Threat Score: 0.02639074996113777
Channel:0
Threat Score: 0.03073030710220337
Channel:0
Threat Score: 0.013116883113980293
Channel:0
Threat Score: 0.012908070348203182
Channel:0
Threat Score: 0.0
Channel:0
Threat Score: 0.004387474153190851
Confusion matrix
 tensor([[3.9633e+08, 6.3101e+06],
        [5.0501e+05, 5.7130e+04]], device='cuda:0')
Class 0
TP 396327840.0, TN 57130.0, FP 505006.0, FN 6310054.0
Class 1
TP 57130.0, TN 396327840.0, FP 6310054.0, FN 505006.0

Test set: Average loss: -1.277423760, 
        Accuracy BB: 396384940/403200000 (98.309756944%) ,
        BB: 
        TP 57130.0 
        TN 396327840.0
        FP 6310054.0
        FN 505006.0
        Threat Score 0.0083132160199296
====> Test set loss: -0.002027657
====> Epoch: 4 Average loss: -0.001562013
Channel:0
Threat Score: 0.021517518907785416
Channel:0
Threat Score: 0.0
Channel:0
Threat Score: 0.0
Channel:0
Threat Score: 0.021204089745879173
Channel:0
Threat Score: 0.012975696474313736
Channel:0
Threat Score: 4.8537800466874614e-05
Channel:0
Threat Score: 0.0011009443551301956
Channel:0
Threat Score: 0.017291903495788574
Channel:0
Threat Score: 0.01192568615078926
Channel:0
Threat Score: 0.009573380462825298
Channel:0
Threat Score: 0.0
Channel:0
Threat Score: 0.0
Channel:0
Threat Score: 0.032830435782670975
Channel:0
Threat Score: 0.021551070734858513
Channel:0
Threat Score: 0.0
Channel:0
Threat Score: 0.00998000055551529
Channel:0
Threat Score: 0.0
Channel:0
Threat Score: 0.0
Channel:0
Threat Score: 0.01096956804394722
Channel:0
Threat Score: 0.0
Channel:0
Threat Score: 0.0
Channel:0
Threat Score: 0.0003580892225727439
Channel:0
Threat Score: 0.0024142253678292036
Channel:0
Threat Score: 0.023650601506233215
Channel:0
Threat Score: 1.9358460122020915e-05
Channel:0
Threat Score: 0.01834563910961151
Channel:0
Threat Score: 0.006523955147713423
Channel:0
Threat Score: 0.017051173374056816
Channel:0
Threat Score: 0.01450637448579073
Channel:0
Threat Score: 0.0
Channel:0
Threat Score: 0.024950042366981506
Channel:0
Threat Score: 0.016436515375971794
Channel:0
Threat Score: 0.022694719955325127
Channel:0
Threat Score: 0.0001546461571706459
Channel:0
Threat Score: 0.0
Channel:0
Threat Score: 0.015080093406140804
Channel:0
Threat Score: 0.001846468192525208
Channel:0
Threat Score: 0.018004173412919044
Channel:0
Threat Score: 0.0
Channel:0
Threat Score: 0.00012557134323287755
Channel:0
Threat Score: 0.00932755321264267
Channel:0
Threat Score: 0.01442651730030775
Channel:0
Threat Score: 0.0024944725446403027
Channel:0
Threat Score: 0.0
Channel:0
Threat Score: 0.001217853743582964
Channel:0
Threat Score: 0.0
Channel:0
Threat Score: 0.0
Channel:0
Threat Score: 0.0
Channel:0
Threat Score: 0.0028109627310186625
Channel:0
Threat Score: 0.030998509377241135
Channel:0
Threat Score: 0.0
Channel:0
Threat Score: 0.0
Channel:0
Threat Score: 0.0
Channel:0
Threat Score: 0.018559228628873825
Channel:0
Threat Score: 0.015142352320253849
Channel:0
Threat Score: 0.001914791762828827
Channel:0
Threat Score: 0.0037324472796171904
Channel:0
Threat Score: 0.0
Channel:0
Threat Score: 0.0
Channel:0
Threat Score: 0.0
Channel:0
Threat Score: 0.004784270189702511
Channel:0
Threat Score: 0.0011040258686989546
Channel:0
Threat Score: 0.034002892673015594
Channel:0
Threat Score: 0.002458287635818124
Channel:0
Threat Score: 0.01280985213816166
Channel:0
Threat Score: 0.02657221257686615
Channel:0
Threat Score: 6.25130269327201e-05
Channel:0
Threat Score: 0.0003836213727481663
Channel:0
Threat Score: 0.0
Channel:0
Threat Score: 0.0
Channel:0
Threat Score: 0.0
Channel:0
Threat Score: 0.0
Channel:0
Threat Score: 0.034558769315481186
Channel:0
Threat Score: 0.0
Channel:0
Threat Score: 0.017325272783637047
Channel:0
Threat Score: 0.0
Channel:0
Threat Score: 0.002607939764857292
Channel:0
Threat Score: 0.032823871821165085
Channel:0
Threat Score: 0.013716855086386204
Channel:0
Threat Score: 0.028719723224639893
Channel:0
Threat Score: 0.0
Channel:0
Threat Score: 0.022070571780204773
Channel:0
Threat Score: 0.0
Channel:0
Threat Score: 0.016843607649207115
Channel:0
Threat Score: 0.02789335884153843
Channel:0
Threat Score: 0.01305232010781765
Channel:0
Threat Score: 0.013611010275781155
Channel:0
Threat Score: 0.00505328131839633
Channel:0
Threat Score: 0.0004968258435837924
Channel:0
Threat Score: 0.02130681835114956
Channel:0
Threat Score: 0.0
Channel:0
Threat Score: 0.014765155501663685
Channel:0
Threat Score: 0.021860238164663315
Channel:0
Threat Score: 0.0
Channel:0
Threat Score: 0.018842052668333054
Channel:0
Threat Score: 0.0
Channel:0
Threat Score: 0.0038302072789520025
Channel:0
Threat Score: 0.015571811236441135
Channel:0
Threat Score: 0.0007169743767008185
Channel:0
Threat Score: 0.0
Channel:0
Threat Score: 0.0
Channel:0
Threat Score: 0.0
Channel:0
Threat Score: 5.552162474486977e-05
Channel:0
Threat Score: 0.018374651670455933
Channel:0
Threat Score: 0.0
Channel:0
Threat Score: 0.031328119337558746
Channel:0
Threat Score: 0.013088730163872242
Channel:0
Threat Score: 0.004920873325318098
Channel:0
Threat Score: 0.009116936475038528
Channel:0
Threat Score: 0.03284075856208801
Channel:0
Threat Score: 0.0
Channel:0
Threat Score: 0.0
Channel:0
Threat Score: 0.0
Channel:0
Threat Score: 0.0
Channel:0
Threat Score: 0.015574364922940731
Channel:0
Threat Score: 0.0
Channel:0
Threat Score: 0.0
Channel:0
Threat Score: 0.0
Channel:0
Threat Score: 0.0
Channel:0
Threat Score: 0.0
Channel:0
Threat Score: 0.005839508958160877
Channel:0
Threat Score: 0.0
Channel:0
Threat Score: 0.02841777540743351
Channel:0
Threat Score: 0.0
Channel:0
Threat Score: 0.02266404777765274
Channel:0
Threat Score: 0.0018194349249824882
Channel:0
Threat Score: 0.0
Channel:0
Threat Score: 0.0
Channel:0
Threat Score: 0.0021048549097031355
Channel:0
Threat Score: 0.005284568294882774
Channel:0
Threat Score: 0.0
Channel:0
Threat Score: 0.0
Channel:0
Threat Score: 0.004416080191731453
Channel:0
Threat Score: 0.012629658915102482
Channel:0
Threat Score: 0.0
Channel:0
Threat Score: 0.0
Channel:0
Threat Score: 0.0
Channel:0
Threat Score: 0.008558448404073715
Channel:0
Threat Score: 0.0
Channel:0
Threat Score: 0.0
Channel:0
Threat Score: 0.015277021564543247
Channel:0
Threat Score: 0.0008487317245453596
Channel:0
Threat Score: 0.0
Channel:0
Threat Score: 0.0002940023550763726
Channel:0
Threat Score: 0.01859590969979763
Channel:0
Threat Score: 2.8669724997598678e-05
Channel:0
Threat Score: 0.015589145012199879
Channel:0
Threat Score: 0.0005578051204793155
Channel:0
Threat Score: 0.008780138567090034
Channel:0
Threat Score: 0.02855093590915203
Channel:0
Threat Score: 6.458418647525832e-05
Channel:0
Threat Score: 0.03991653770208359
Channel:0
Threat Score: 0.0
Channel:0
Threat Score: 0.018148865550756454
Channel:0
Threat Score: 0.0
Channel:0
Threat Score: 0.024127399548888206
Channel:0
Threat Score: 0.02122751623392105
Channel:0
Threat Score: 0.0
Confusion matrix
 tensor([[3.9646e+08, 6.1744e+06],
        [5.0968e+05, 5.2453e+04]], device='cuda:0')
Class 0
TP 396463424.0, TN 52453.0, FP 509683.0, FN 6174403.0
Class 1
TP 52453.0, TN 396463424.0, FP 6174403.0, FN 509683.0

Test set: Average loss: -1.197303757, 
        Accuracy BB: 396515914/403200000 (98.342240575%) ,
        BB: 
        TP 52453.0 
        TN 396463424.0
        FP 6174403.0
        FN 509683.0
        Threat Score 0.007786342512082243
====> Test set loss: -0.001900482
====> Epoch: 5 Average loss: -0.001565080
