Number of parameters: 276596
Train Epoch: 0 [0/76356 (0%)]	Loss: 1.528018
Train Epoch: 0 [16000/76356 (21%)]	Loss: 0.000000
Train Epoch: 0 [32000/76356 (42%)]	Loss: 0.000000
Train Epoch: 0 [48000/76356 (63%)]	Loss: 0.000000
Train Epoch: 0 [64000/76356 (84%)]	Loss: 0.000000

Test set: Average loss: 0.1016, Accuracy: 30904/30996 (100%)

Updating best model
Train Epoch: 1 [0/76356 (0%)]	Loss: 0.000000
Train Epoch: 1 [16000/76356 (21%)]	Loss: 0.000000
Train Epoch: 1 [32000/76356 (42%)]	Loss: 0.000000
Train Epoch: 1 [48000/76356 (63%)]	Loss: 0.000000
Train Epoch: 1 [64000/76356 (84%)]	Loss: 0.000000

Test set: Average loss: 0.0493, Accuracy: 30938/30996 (100%)

Updating best model
Train Epoch: 2 [0/76356 (0%)]	Loss: 0.000000
Train Epoch: 2 [16000/76356 (21%)]	Loss: 0.000000
Train Epoch: 2 [32000/76356 (42%)]	Loss: 0.000000
Train Epoch: 2 [48000/76356 (63%)]	Loss: 0.000000
Train Epoch: 2 [64000/76356 (84%)]	Loss: 0.000000

Test set: Average loss: 0.8145, Accuracy: 30451/30996 (98%)

Train Epoch: 3 [0/76356 (0%)]	Loss: 4.767252
Train Epoch: 3 [16000/76356 (21%)]	Loss: 0.000000
Train Epoch: 3 [32000/76356 (42%)]	Loss: 0.000000
Train Epoch: 3 [48000/76356 (63%)]	Loss: 0.000000
Train Epoch: 3 [64000/76356 (84%)]	Loss: 0.000000

Test set: Average loss: 0.0248, Accuracy: 30965/30996 (100%)

Updating best model
Train Epoch: 4 [0/76356 (0%)]	Loss: 0.000000
Train Epoch: 4 [16000/76356 (21%)]	Loss: 0.000027
Train Epoch: 4 [32000/76356 (42%)]	Loss: 0.000000
Train Epoch: 4 [48000/76356 (63%)]	Loss: 0.000000
Train Epoch: 4 [64000/76356 (84%)]	Loss: 0.000000

Test set: Average loss: 0.0263, Accuracy: 30961/30996 (100%)

Train Epoch: 5 [0/76356 (0%)]	Loss: 0.000000
Train Epoch: 5 [16000/76356 (21%)]	Loss: 0.000000
Train Epoch: 5 [32000/76356 (42%)]	Loss: 0.000000
Train Epoch: 5 [48000/76356 (63%)]	Loss: 0.000000
Train Epoch: 5 [64000/76356 (84%)]	Loss: 0.000000

Test set: Average loss: 0.0330, Accuracy: 30950/30996 (100%)

Train Epoch: 6 [0/76356 (0%)]	Loss: 0.000000
Train Epoch: 6 [16000/76356 (21%)]	Loss: 0.000000
Train Epoch: 6 [32000/76356 (42%)]	Loss: 0.000000
Train Epoch: 6 [48000/76356 (63%)]	Loss: 0.000000
Train Epoch: 6 [64000/76356 (84%)]	Loss: 0.000000

Test set: Average loss: 0.0110, Accuracy: 30986/30996 (100%)

Updating best model
Train Epoch: 7 [0/76356 (0%)]	Loss: 0.000000
Train Epoch: 7 [16000/76356 (21%)]	Loss: 0.000000
Train Epoch: 7 [32000/76356 (42%)]	Loss: 0.000000
Train Epoch: 7 [48000/76356 (63%)]	Loss: 0.000000
Train Epoch: 7 [64000/76356 (84%)]	Loss: 0.000000

Test set: Average loss: 0.0193, Accuracy: 30977/30996 (100%)

Train Epoch: 8 [0/76356 (0%)]	Loss: 0.000000
Train Epoch: 8 [16000/76356 (21%)]	Loss: 0.037728
Train Epoch: 8 [32000/76356 (42%)]	Loss: 0.000000
Train Epoch: 8 [48000/76356 (63%)]	Loss: 0.000000
Train Epoch: 8 [64000/76356 (84%)]	Loss: 0.000000

Test set: Average loss: 0.0521, Accuracy: 30940/30996 (100%)

Train Epoch: 9 [0/76356 (0%)]	Loss: 0.000000
Train Epoch: 9 [16000/76356 (21%)]	Loss: 0.000000
Train Epoch: 9 [32000/76356 (42%)]	Loss: 0.000000
Train Epoch: 9 [48000/76356 (63%)]	Loss: 0.000000
Train Epoch: 9 [64000/76356 (84%)]	Loss: 0.000000

Test set: Average loss: 0.0105, Accuracy: 30980/30996 (100%)

Updating best model
Train Epoch: 10 [0/76356 (0%)]	Loss: 0.000000
Train Epoch: 10 [16000/76356 (21%)]	Loss: 0.000000
Train Epoch: 10 [32000/76356 (42%)]	Loss: 0.000000
Train Epoch: 10 [48000/76356 (63%)]	Loss: 0.000000
Train Epoch: 10 [64000/76356 (84%)]	Loss: 0.000000

Test set: Average loss: 0.0130, Accuracy: 30979/30996 (100%)

Train Epoch: 11 [0/76356 (0%)]	Loss: 0.000000
Train Epoch: 11 [16000/76356 (21%)]	Loss: 0.000000
Train Epoch: 11 [32000/76356 (42%)]	Loss: 0.000000
Train Epoch: 11 [48000/76356 (63%)]	Loss: 0.000000
Train Epoch: 11 [64000/76356 (84%)]	Loss: 0.000000

Test set: Average loss: 0.0184, Accuracy: 30974/30996 (100%)

Train Epoch: 12 [0/76356 (0%)]	Loss: 0.000000
Train Epoch: 12 [16000/76356 (21%)]	Loss: 0.000000
Train Epoch: 12 [32000/76356 (42%)]	Loss: 0.000000
Train Epoch: 12 [48000/76356 (63%)]	Loss: 0.000000
Train Epoch: 12 [64000/76356 (84%)]	Loss: 0.000000

Test set: Average loss: 0.0148, Accuracy: 30974/30996 (100%)

Train Epoch: 13 [0/76356 (0%)]	Loss: 0.000000
Train Epoch: 13 [16000/76356 (21%)]	Loss: 0.000000
Train Epoch: 13 [32000/76356 (42%)]	Loss: 0.000000
Train Epoch: 13 [48000/76356 (63%)]	Loss: 0.000000
Train Epoch: 13 [64000/76356 (84%)]	Loss: 0.000000

Test set: Average loss: 0.0089, Accuracy: 30982/30996 (100%)

Updating best model
Train Epoch: 14 [0/76356 (0%)]	Loss: 0.000000
Train Epoch: 14 [16000/76356 (21%)]	Loss: 0.000000
Train Epoch: 14 [32000/76356 (42%)]	Loss: 0.000000
Train Epoch: 14 [48000/76356 (63%)]	Loss: 0.000000
Train Epoch: 14 [64000/76356 (84%)]	Loss: 0.000000

Test set: Average loss: 0.0229, Accuracy: 30944/30996 (100%)

Train Epoch: 15 [0/76356 (0%)]	Loss: 0.000000
Train Epoch: 15 [16000/76356 (21%)]	Loss: 0.000000
Train Epoch: 15 [32000/76356 (42%)]	Loss: 0.000000
Train Epoch: 15 [48000/76356 (63%)]	Loss: 0.000000
Train Epoch: 15 [64000/76356 (84%)]	Loss: 0.000000

Test set: Average loss: 0.0099, Accuracy: 30980/30996 (100%)

Train Epoch: 16 [0/76356 (0%)]	Loss: 0.000000
Train Epoch: 16 [16000/76356 (21%)]	Loss: 0.000000
Train Epoch: 16 [32000/76356 (42%)]	Loss: 0.000000
Train Epoch: 16 [48000/76356 (63%)]	Loss: 0.000000
Train Epoch: 16 [64000/76356 (84%)]	Loss: 0.000000

Test set: Average loss: 0.0026, Accuracy: 30991/30996 (100%)

Updating best model
Train Epoch: 17 [0/76356 (0%)]	Loss: 0.000000
Train Epoch: 17 [16000/76356 (21%)]	Loss: 0.000000
Train Epoch: 17 [32000/76356 (42%)]	Loss: 0.000000
Train Epoch: 17 [48000/76356 (63%)]	Loss: 0.000000
Train Epoch: 17 [64000/76356 (84%)]	Loss: 0.000000

Test set: Average loss: 0.0105, Accuracy: 30981/30996 (100%)

Train Epoch: 18 [0/76356 (0%)]	Loss: 0.000000
Train Epoch: 18 [16000/76356 (21%)]	Loss: 0.000000
Train Epoch: 18 [32000/76356 (42%)]	Loss: 0.000000
Train Epoch: 18 [48000/76356 (63%)]	Loss: 0.000000
Train Epoch: 18 [64000/76356 (84%)]	Loss: 0.000000

Test set: Average loss: 0.0183, Accuracy: 30978/30996 (100%)

Train Epoch: 19 [0/76356 (0%)]	Loss: 0.000000
Train Epoch: 19 [16000/76356 (21%)]	Loss: 0.000000
Train Epoch: 19 [32000/76356 (42%)]	Loss: 0.000000
Train Epoch: 19 [48000/76356 (63%)]	Loss: 0.000000
Train Epoch: 19 [64000/76356 (84%)]	Loss: 0.000000

Test set: Average loss: 0.0114, Accuracy: 30979/30996 (100%)

Train Epoch: 20 [0/76356 (0%)]	Loss: 0.000000
Train Epoch: 20 [16000/76356 (21%)]	Loss: 0.000000
Train Epoch: 20 [32000/76356 (42%)]	Loss: 0.000000
Train Epoch: 20 [48000/76356 (63%)]	Loss: 0.000000
Train Epoch: 20 [64000/76356 (84%)]	Loss: 0.000000

Test set: Average loss: 0.0101, Accuracy: 30990/30996 (100%)

Train Epoch: 21 [0/76356 (0%)]	Loss: 0.000000
Train Epoch: 21 [16000/76356 (21%)]	Loss: 0.000000
Train Epoch: 21 [32000/76356 (42%)]	Loss: 0.000000
Train Epoch: 21 [48000/76356 (63%)]	Loss: 0.000000
Train Epoch: 21 [64000/76356 (84%)]	Loss: 0.000000

Test set: Average loss: 0.0048, Accuracy: 30989/30996 (100%)

Train Epoch: 22 [0/76356 (0%)]	Loss: 0.000000
Train Epoch: 22 [16000/76356 (21%)]	Loss: 0.000000
Train Epoch: 22 [32000/76356 (42%)]	Loss: 0.000000
Train Epoch: 22 [48000/76356 (63%)]	Loss: 0.000000
Train Epoch: 22 [64000/76356 (84%)]	Loss: 0.000000

Test set: Average loss: 0.0103, Accuracy: 30987/30996 (100%)

Epoch    23: reducing learning rate of group 0 to 1.0000e-04.
Train Epoch: 23 [0/76356 (0%)]	Loss: 0.000000
Train Epoch: 23 [16000/76356 (21%)]	Loss: 0.000000
Train Epoch: 23 [32000/76356 (42%)]	Loss: 0.000000
Train Epoch: 23 [48000/76356 (63%)]	Loss: 0.000000
Train Epoch: 23 [64000/76356 (84%)]	Loss: 0.000000

Test set: Average loss: 0.0055, Accuracy: 30987/30996 (100%)

Train Epoch: 24 [0/76356 (0%)]	Loss: 0.000000
Train Epoch: 24 [16000/76356 (21%)]	Loss: 0.000000
Train Epoch: 24 [32000/76356 (42%)]	Loss: 0.000000
Train Epoch: 24 [48000/76356 (63%)]	Loss: 0.000000
Train Epoch: 24 [64000/76356 (84%)]	Loss: 0.000000

Test set: Average loss: 0.0012, Accuracy: 30993/30996 (100%)

Updating best model
